"../../../Engine/Content/EditorResources/S_Actor.ubulk" 0
"../../../Engine/Content/EditorResources/S_Actor.uasset" 1
"../../../Engine/Content/EditorResources/S_Actor.uexp" 2
"../../../Engine/Content/EditorResources/S_BoxReflectionCapture.uasset" 3
"../../../Engine/Content/EditorResources/S_BoxReflectionCapture.uexp" 4
"../../../Engine/Content/EngineResources/DefaultTexture.ubulk" 5
"../../../Engine/Content/EngineResources/DefaultTexture.uasset" 6
"../../../Engine/Content/EngineResources/DefaultTexture.uexp" 7
"../../../Engine/Content/EngineResources/DefaultTextureCube.uasset" 8
"../../../Engine/Content/EngineResources/DefaultTextureCube.uexp" 9
"../../../Engine/Content/EngineResources/DefaultVolumeTexture2D.uasset" 10
"../../../Engine/Content/EngineResources/DefaultVolumeTexture2D.uexp" 11
"../../../Engine/Content/EngineResources/DefaultVolumeTexture.uasset" 12
"../../../Engine/Content/EngineResources/DefaultVolumeTexture.uexp" 13
"../../../Engine/Content/EditorResources/S_Trigger.ubulk" 14
"../../../Engine/Content/EditorResources/S_Trigger.uasset" 15
"../../../Engine/Content/EditorResources/S_Trigger.uexp" 16
"../../../Engine/Content/EditorResources/S_TriggerBox.uasset" 17
"../../../Engine/Content/EditorResources/S_TriggerBox.uexp" 18
"../../../Engine/Content/EditorResources/S_TriggerCapsule.uasset" 19
"../../../Engine/Content/EditorResources/S_TriggerCapsule.uexp" 20
"../../../Engine/Content/EditorResources/S_TriggerSphere.uasset" 21
"../../../Engine/Content/EditorResources/S_TriggerSphere.uexp" 22
"../../../Engine/Content/EngineMeshes/Sphere.ubulk" 23
"../../../Engine/Content/EngineMeshes/Sphere.uasset" 24
"../../../Engine/Content/EngineMeshes/Sphere.uexp" 25
"../../../Engine/Content/EngineResources/GradientTexture0.uasset" 26
"../../../Engine/Content/EngineResources/GradientTexture0.uexp" 27
"../../../Engine/Content/EngineResources/Black.uasset" 28
"../../../Engine/Content/EngineResources/Black.uexp" 29
"../../../Engine/Content/VREditor/LaserPointer/VR_LaserPower_01.ubulk" 30
"../../../Engine/Content/VREditor/LaserPointer/VR_LaserPower_01.uasset" 31
"../../../Engine/Content/VREditor/LaserPointer/VR_LaserPower_01.uexp" 32
"../../../Engine/Content/VREditor/TransformGizmo/TransformGizmoMaterial.uasset" 33
"../../../Engine/Content/VREditor/TransformGizmo/TransformGizmoMaterial.uexp" 34
"../../../Engine/Content/VREditor/TransformGizmo/TranslucentTransformGizmoMaterial.uasset" 35
"../../../Engine/Content/VREditor/TransformGizmo/TranslucentTransformGizmoMaterial.uexp" 36
"../../../Engine/Content/VREditor/TransformGizmo/PlaneTranslationHandle.ubulk" 37
"../../../Engine/Content/VREditor/TransformGizmo/PlaneTranslationHandle.uasset" 38
"../../../Engine/Content/VREditor/TransformGizmo/PlaneTranslationHandle.uexp" 39
"../../../Engine/Content/VREditor/TransformGizmo/BoundingBoxCorner.ubulk" 40
"../../../Engine/Content/VREditor/TransformGizmo/BoundingBoxCorner.uasset" 41
"../../../Engine/Content/VREditor/TransformGizmo/BoundingBoxCorner.uexp" 42
"../../../Engine/Content/VREditor/TransformGizmo/BoundingBoxEdge.ubulk" 43
"../../../Engine/Content/VREditor/TransformGizmo/BoundingBoxEdge.uasset" 44
"../../../Engine/Content/VREditor/TransformGizmo/BoundingBoxEdge.uexp" 45
"../../../Engine/Content/VREditor/TransformGizmo/Main.uasset" 46
"../../../Engine/Content/VREditor/TransformGizmo/Main.uexp" 47
"../../../Engine/Content/VREditor/TransformGizmo/Xray.uasset" 48
"../../../Engine/Content/VREditor/TransformGizmo/Xray.uexp" 49
"../../../Engine/Content/VREditor/TransformGizmo/SM_Sequencer_Node.ubulk" 50
"../../../Engine/Content/VREditor/TransformGizmo/SM_Sequencer_Node.uasset" 51
"../../../Engine/Content/VREditor/TransformGizmo/SM_Sequencer_Node.uexp" 52
"../../../Engine/Content/EditorMaterials/Camera/CineMat.uasset" 53
"../../../Engine/Content/EditorMaterials/Camera/CineMat.uexp" 54
"../../../Engine/Content/EditorMaterials/Camera/MI_CineMat_Rig.uasset" 55
"../../../Engine/Content/EditorMaterials/Camera/MI_CineMat_Rig.uexp" 56
"../../../Engine/Content/EditorMeshes/Camera/SM_CraneRig_Base.ubulk" 57
"../../../Engine/Content/EditorMeshes/Camera/SM_CraneRig_Base.uasset" 58
"../../../Engine/Content/EditorMeshes/Camera/SM_CraneRig_Base.uexp" 59
"../../../Engine/Content/EditorMeshes/Camera/SM_CraneRig_Arm.ubulk" 60
"../../../Engine/Content/EditorMeshes/Camera/SM_CraneRig_Arm.uasset" 61
"../../../Engine/Content/EditorMeshes/Camera/SM_CraneRig_Arm.uexp" 62
"../../../Engine/Content/EditorMeshes/Camera/SM_CraneRig_Mount.ubulk" 63
"../../../Engine/Content/EditorMeshes/Camera/SM_CraneRig_Mount.uasset" 64
"../../../Engine/Content/EditorMeshes/Camera/SM_CraneRig_Mount.uexp" 65
"../../../Engine/Content/EditorMeshes/Camera/SM_CraneRig_Body.ubulk" 66
"../../../Engine/Content/EditorMeshes/Camera/SM_CraneRig_Body.uasset" 67
"../../../Engine/Content/EditorMeshes/Camera/SM_CraneRig_Body.uexp" 68
"../../../Engine/Content/EditorMeshes/Camera/SM_RailRig_Track.ubulk" 69
"../../../Engine/Content/EditorMeshes/Camera/SM_RailRig_Track.uasset" 70
"../../../Engine/Content/EditorMeshes/Camera/SM_RailRig_Track.uexp" 71
"../../../Engine/Content/EditorMeshes/Camera/SM_RailRig_Mount.ubulk" 72
"../../../Engine/Content/EditorMeshes/Camera/SM_RailRig_Mount.uasset" 73
"../../../Engine/Content/EditorMeshes/Camera/SM_RailRig_Mount.uexp" 74
"../../../Engine/Content/EngineMaterials/T_Default_Material_Grid_M.ubulk" 75
"../../../Engine/Content/EngineMaterials/T_Default_Material_Grid_M.uasset" 76
"../../../Engine/Content/EngineMaterials/T_Default_Material_Grid_M.uexp" 77
"../../../Engine/Content/EngineMaterials/T_Default_Material_Grid_N.ubulk" 78
"../../../Engine/Content/EngineMaterials/T_Default_Material_Grid_N.uasset" 79
"../../../Engine/Content/EngineMaterials/T_Default_Material_Grid_N.uexp" 80
"../../../Engine/Content/Functions/Engine_MaterialFunctions01/Opacity/CameraDepthFade.uasset" 81
"../../../Engine/Content/Functions/Engine_MaterialFunctions01/Opacity/CameraDepthFade.uexp" 82
"../../../Engine/Content/EngineMaterials/WorldGridMaterial.uasset" 83
"../../../Engine/Content/EngineMaterials/WorldGridMaterial.uexp" 84
"../../../Engine/Content/ArtTools/RenderToTexture/Meshes/S_1_Unit_Plane.ubulk" 85
"../../../Engine/Content/ArtTools/RenderToTexture/Meshes/S_1_Unit_Plane.uasset" 86
"../../../Engine/Content/ArtTools/RenderToTexture/Meshes/S_1_Unit_Plane.uexp" 87
"../../../Engine/Content/EditorMaterials/ParticleSystems/PSysThumbnail_NoImage.ubulk" 88
"../../../Engine/Content/EditorMaterials/ParticleSystems/PSysThumbnail_NoImage.uasset" 89
"../../../Engine/Content/EditorMaterials/ParticleSystems/PSysThumbnail_NoImage.uexp" 90
"../../../Engine/Content/EditorMaterials/ParticleSystems/PSysThumbnail_OOD.ubulk" 91
"../../../Engine/Content/EditorMaterials/ParticleSystems/PSysThumbnail_OOD.uasset" 92
"../../../Engine/Content/EditorMaterials/ParticleSystems/PSysThumbnail_OOD.uexp" 93
"../../../Engine/Content/EditorLandscapeResources/SplineEditorMeshMat.uasset" 94
"../../../Engine/Content/EditorLandscapeResources/SplineEditorMeshMat.uexp" 95
"../../../Engine/Content/EditorLandscapeResources/SplineEditorMesh.ubulk" 96
"../../../Engine/Content/EditorLandscapeResources/SplineEditorMesh.uasset" 97
"../../../Engine/Content/EditorLandscapeResources/SplineEditorMesh.uexp" 98
"../../../Engine/Content/EditorResources/S_Solver.ubulk" 99
"../../../Engine/Content/EditorResources/S_Solver.uasset" 100
"../../../Engine/Content/EditorResources/S_Solver.uexp" 101
"../../../Engine/Content/BasicShapes/Cube.ubulk" 102
"../../../Engine/Content/BasicShapes/Cube.uasset" 103
"../../../Engine/Content/BasicShapes/Cube.uexp" 104
"../../../Engine/Plugins/Media/MediaPlate/Content/SM_MediaPlateScreen.ubulk" 105
"../../../Engine/Plugins/Media/MediaPlate/Content/SM_MediaPlateScreen.uasset" 106
"../../../Engine/Plugins/Media/MediaPlate/Content/SM_MediaPlateScreen.uexp" 107
"../../../Engine/Content/EngineMaterials/Good64x64TilingNoiseHighFreq.uasset" 108
"../../../Engine/Content/EngineMaterials/Good64x64TilingNoiseHighFreq.uexp" 109
"../../../Engine/Content/EngineMaterials/DefaultBokeh.uasset" 110
"../../../Engine/Content/EngineMaterials/DefaultBokeh.uexp" 111
"../../../Engine/Content/EngineMaterials/PreintegratedSkinBRDF.uasset" 112
"../../../Engine/Content/EngineMaterials/PreintegratedSkinBRDF.uexp" 113
"../../../Engine/Content/EngineMaterials/MiniFont.uasset" 114
"../../../Engine/Content/EngineMaterials/MiniFont.uexp" 115
"../../../Engine/Content/EngineMaterials/WeightMapPlaceholderTexture.uasset" 116
"../../../Engine/Content/EngineMaterials/WeightMapPlaceholderTexture.uexp" 117
"../../../Engine/Content/EngineMaterials/DefaultWhiteGrid.ubulk" 118
"../../../Engine/Content/EngineMaterials/DefaultWhiteGrid.uasset" 119
"../../../Engine/Content/EngineMaterials/DefaultWhiteGrid.uexp" 120
"../../../Engine/Content/EngineMaterials/DefaultMaterial.uasset" 121
"../../../Engine/Content/EngineMaterials/DefaultMaterial.uexp" 122
"../../../Engine/Content/BasicShapes/Sphere.ubulk" 123
"../../../Engine/Content/BasicShapes/Sphere.uasset" 124
"../../../Engine/Content/BasicShapes/Sphere.uexp" 125
"../../../Engine/Content/BasicShapes/Cylinder.ubulk" 126
"../../../Engine/Content/BasicShapes/Cylinder.uasset" 127
"../../../Engine/Content/BasicShapes/Cylinder.uexp" 128
"../../../Engine/Content/BasicShapes/Cone.ubulk" 129
"../../../Engine/Content/BasicShapes/Cone.uasset" 130
"../../../Engine/Content/BasicShapes/Cone.uexp" 131
"../../../Engine/Content/EditorLandscapeResources/DefaultAlphaTexture.uasset" 132
"../../../Engine/Content/EditorLandscapeResources/DefaultAlphaTexture.uexp" 133
"../../../Engine/Content/EditorLandscapeResources/DataLayer.uasset" 134
"../../../Engine/Content/EditorLandscapeResources/DataLayer.uexp" 135
"../../../Engine/Content/EditorMaterials/PreviewShadowIndicator.ubulk" 136
"../../../Engine/Content/EditorMaterials/PreviewShadowIndicator.uasset" 137
"../../../Engine/Content/EditorMaterials/PreviewShadowIndicator.uexp" 138
"../../../Engine/Content/EditorMaterials/PreviewShadowIndicatorMaterial.uasset" 139
"../../../Engine/Content/EditorMaterials/PreviewShadowIndicatorMaterial.uexp" 140
"../../../Engine/Content/EditorMaterials/PhAT_UnselectedMaterial.uasset" 141
"../../../Engine/Content/EditorMaterials/PhAT_UnselectedMaterial.uexp" 142
"../../../Engine/Content/EditorMaterials/PhAT_NoCollisionMaterial.uasset" 143
"../../../Engine/Content/EditorMaterials/PhAT_NoCollisionMaterial.uexp" 144
"../../../Engine/Content/Functions/Engine_MaterialFunctions02/Utility/MakeFloat4.uasset" 145
"../../../Engine/Content/Functions/Engine_MaterialFunctions02/Utility/MakeFloat4.uexp" 146
"../../../Engine/Content/Functions/Engine_MaterialFunctions02/Utility/MakeFloat3.uasset" 147
"../../../Engine/Content/Functions/Engine_MaterialFunctions02/Utility/MakeFloat3.uexp" 148
"../../../Engine/Content/Functions/Engine_MaterialFunctions02/Utility/BreakOutFloat3Components.uasset" 149
"../../../Engine/Content/Functions/Engine_MaterialFunctions02/Utility/BreakOutFloat3Components.uexp" 150
"../../../Engine/Content/EditorMaterials/WorldPartition/WorldPartitionSpatialHashGridPreviewMaterial.uasset" 151
"../../../Engine/Content/EditorMaterials/WorldPartition/WorldPartitionSpatialHashGridPreviewMaterial.uexp" 152
"../../../Engine/Content/EditorResources/S_Terrain.ubulk" 153
"../../../Engine/Content/EditorResources/S_Terrain.uasset" 154
"../../../Engine/Content/EditorResources/S_Terrain.uexp" 155
"../../../Engine/Content/EditorResources/EmptyActor.uasset" 156
"../../../Engine/Content/EditorResources/EmptyActor.uexp" 157
"../../../Engine/Content/EditorResources/BSPVertex.uasset" 158
"../../../Engine/Content/EditorResources/BSPVertex.uexp" 159
"../../../Engine/Content/EditorResources/SequenceRecorder/RecordingIndicator.uasset" 160
"../../../Engine/Content/EditorResources/SequenceRecorder/RecordingIndicator.uexp" 161
"../../../Engine/Content/EditorResources/SequenceRecorder/Countdown.uasset" 162
"../../../Engine/Content/EditorResources/SequenceRecorder/Countdown.uexp" 163
"../../../Engine/Content/EngineDamageTypes/DmgTypeBP_Environmental.uasset" 164
"../../../Engine/Content/EngineDamageTypes/DmgTypeBP_Environmental.uexp" 165
"../../../Engine/Content/Functions/Engine_MaterialFunctions02/Utility/CameraDirectionVector.uasset" 166
"../../../Engine/Content/Functions/Engine_MaterialFunctions02/Utility/CameraDirectionVector.uexp" 167
"../../../Engine/Content/EngineDebugMaterials/VolumeToRender.uasset" 168
"../../../Engine/Content/EngineDebugMaterials/VolumeToRender.uexp" 169
"../../../Engine/Content/EngineDebugMaterials/M_VolumeRenderSphereTracePP.uasset" 170
"../../../Engine/Content/EngineDebugMaterials/M_VolumeRenderSphereTracePP.uexp" 171
"../../../Engine/Content/EngineDebugMaterials/M_SimpleUnlitTranslucent.uasset" 172
"../../../Engine/Content/EngineDebugMaterials/M_SimpleUnlitTranslucent.uexp" 173
"../../../Engine/Content/EngineDebugMaterials/DebugMeshMaterial.uasset" 174
"../../../Engine/Content/EngineDebugMaterials/DebugMeshMaterial.uexp" 175
"../../../Engine/Content/EngineDebugMaterials/DebugEditorMaterial.uasset" 176
"../../../Engine/Content/EngineDebugMaterials/DebugEditorMaterial.uexp" 177
"../../../Engine/Content/EngineFonts/Faces/RobotoLight.uexp" 178
"../../../Engine/Content/EngineFonts/Faces/RobotoLight.uasset" 179
"../../../Engine/Content/EngineFonts/Faces/RobotoLight.ufont" 180
"../../../Engine/Content/EngineFonts/Faces/RobotoBold.uexp" 181
"../../../Engine/Content/EngineFonts/Faces/RobotoBold.uasset" 182
"../../../Engine/Content/EngineFonts/Faces/RobotoBold.ufont" 183
"../../../Engine/Content/EngineFonts/Faces/RobotoRegular.uexp" 184
"../../../Engine/Content/EngineFonts/Faces/RobotoRegular.uasset" 185
"../../../Engine/Content/EngineFonts/Faces/RobotoRegular.ufont" 186
"../../../Engine/Content/EngineFonts/Faces/DroidSansFallback.uexp" 187
"../../../Engine/Content/EngineFonts/Faces/DroidSansFallback.uasset" 188
"../../../Engine/Content/EngineFonts/Faces/DroidSansFallback.ufont" 189
"../../../Engine/Content/EngineFonts/Faces/RobotoItalic.uexp" 190
"../../../Engine/Content/EngineFonts/Faces/RobotoItalic.uasset" 191
"../../../Engine/Content/EngineFonts/Faces/RobotoItalic.ufont" 192
"../../../Engine/Content/EngineFonts/Faces/RobotoBoldItalic.uexp" 193
"../../../Engine/Content/EngineFonts/Faces/RobotoBoldItalic.uasset" 194
"../../../Engine/Content/EngineFonts/Faces/RobotoBoldItalic.ufont" 195
"../../../Engine/Content/EngineFonts/Roboto.uasset" 196
"../../../Engine/Content/EngineFonts/Roboto.uexp" 197
"../../../Engine/Content/EngineResources/WhiteSquareTexture.uasset" 198
"../../../Engine/Content/EngineResources/WhiteSquareTexture.uexp" 199
"../../../Engine/Content/EngineMaterials/Widget3DPassThrough.uasset" 200
"../../../Engine/Content/EngineMaterials/Widget3DPassThrough.uexp" 201
"../../../Engine/Content/EngineMaterials/Widget3DPassThrough_Translucent.uasset" 202
"../../../Engine/Content/EngineMaterials/Widget3DPassThrough_Translucent.uexp" 203
"../../../Engine/Content/EngineMaterials/Widget3DPassThrough_Translucent_OneSided.uasset" 204
"../../../Engine/Content/EngineMaterials/Widget3DPassThrough_Translucent_OneSided.uexp" 205
"../../../Engine/Content/EngineMaterials/Widget3DPassThrough_Opaque.uasset" 206
"../../../Engine/Content/EngineMaterials/Widget3DPassThrough_Opaque.uexp" 207
"../../../Engine/Content/EngineMaterials/Widget3DPassThrough_Opaque_OneSided.uasset" 208
"../../../Engine/Content/EngineMaterials/Widget3DPassThrough_Opaque_OneSided.uexp" 209
"../../../Engine/Content/EngineMaterials/Widget3DPassThrough_Masked_OneSided.uasset" 210
"../../../Engine/Content/EngineMaterials/Widget3DPassThrough_Masked_OneSided.uexp" 211
"../../../Engine/Content/EngineMaterials/Widget3DPassThrough_Masked.uasset" 212
"../../../Engine/Content/EngineMaterials/Widget3DPassThrough_Masked.uexp" 213
"../../../Engine/Content/EngineMaterials/STBlueNoise_vec2_128x128x64.uasset" 214
"../../../Engine/Content/EngineMaterials/STBlueNoise_vec2_128x128x64.uexp" 215
"../../../Engine/Content/EngineMaterials/STBlueNoise_scalar_128x128x64.uasset" 216
"../../../Engine/Content/EngineMaterials/STBlueNoise_scalar_128x128x64.uexp" 217
"../../../Engine/Content/EngineMaterials/RemoveSurfaceMaterial.uasset" 218
"../../../Engine/Content/EngineMaterials/RemoveSurfaceMaterial.uexp" 219
"../../../Engine/Content/EngineMaterials/DefaultCalibrationGrayscale.uasset" 220
"../../../Engine/Content/EngineMaterials/DefaultCalibrationGrayscale.uexp" 221
"../../../Engine/Content/EngineMaterials/PPM_DefaultCalibrationGrayscale.uasset" 222
"../../../Engine/Content/EngineMaterials/PPM_DefaultCalibrationGrayscale.uexp" 223
"../../../Engine/Content/EngineMaterials/DefaultCalibrationColor.uasset" 224
"../../../Engine/Content/EngineMaterials/DefaultCalibrationColor.uexp" 225
"../../../Engine/Content/EngineMaterials/PPM_DefaultCalibrationColor.uasset" 226
"../../../Engine/Content/EngineMaterials/PPM_DefaultCalibrationColor.uexp" 227
"../../../Engine/Content/Functions/Engine_MaterialFunctions02/WorldPositionOffset/CameraOffset.uasset" 228
"../../../Engine/Content/Functions/Engine_MaterialFunctions02/WorldPositionOffset/CameraOffset.uexp" 229
"../../../Engine/Content/EngineMaterials/PhAT_JointLimitMaterial.uasset" 230
"../../../Engine/Content/EngineMaterials/PhAT_JointLimitMaterial.uexp" 231
"../../../Engine/Content/EngineMaterials/InvalidLightmapSettings.ubulk" 232
"../../../Engine/Content/EngineMaterials/InvalidLightmapSettings.uasset" 233
"../../../Engine/Content/EngineMaterials/InvalidLightmapSettings.uexp" 234
"../../../Engine/Content/EngineMaterials/M_InvalidLightmapSettings.uasset" 235
"../../../Engine/Content/EngineMaterials/M_InvalidLightmapSettings.uexp" 236
"../../../Engine/Content/EngineMaterials/GizmoMaterial.uasset" 237
"../../../Engine/Content/EngineMaterials/GizmoMaterial.uexp" 238
"../../../Engine/Content/EngineMaterials/BaseFlattenEmissiveMap_VT.uasset" 239
"../../../Engine/Content/EngineMaterials/BaseFlattenEmissiveMap_VT.uexp" 240
"../../../Engine/Content/EngineMaterials/BaseFlattenGrayscaleMap_VT.uasset" 241
"../../../Engine/Content/EngineMaterials/BaseFlattenGrayscaleMap_VT.uexp" 242
"../../../Engine/Content/EngineMaterials/BaseFlattenLinearColor_VT.uasset" 243
"../../../Engine/Content/EngineMaterials/BaseFlattenLinearColor_VT.uexp" 244
"../../../Engine/Content/EngineMaterials/Black_1x1_EXR_Texture_VT.uasset" 245
"../../../Engine/Content/EngineMaterials/Black_1x1_EXR_Texture_VT.uexp" 246
"../../../Engine/Content/EngineMaterials/BaseFlattenDiffuseMap_VT.uasset" 247
"../../../Engine/Content/EngineMaterials/BaseFlattenDiffuseMap_VT.uexp" 248
"../../../Engine/Content/EngineMaterials/BaseFlattenNormalMap_VT.uasset" 249
"../../../Engine/Content/EngineMaterials/BaseFlattenNormalMap_VT.uexp" 250
"../../../Engine/Content/EngineMaterials/FlattenMaterial_WS_Normal_VT.uasset" 251
"../../../Engine/Content/EngineMaterials/FlattenMaterial_WS_Normal_VT.uexp" 252
"../../../Engine/Content/EngineMaterials/FlattenMaterial_VT.uasset" 253
"../../../Engine/Content/EngineMaterials/FlattenMaterial_VT.uexp" 254
"../../../Engine/Content/EngineMaterials/BaseFlattenNormalMap.uasset" 255
"../../../Engine/Content/EngineMaterials/BaseFlattenNormalMap.uexp" 256
"../../../Engine/Content/EngineMaterials/BaseFlattenGrayscaleMap.uasset" 257
"../../../Engine/Content/EngineMaterials/BaseFlattenGrayscaleMap.uexp" 258
"../../../Engine/Content/EngineMaterials/BaseFlattenDiffuseMap.uasset" 259
"../../../Engine/Content/EngineMaterials/BaseFlattenDiffuseMap.uexp" 260
"../../../Engine/Content/Functions/Engine_MaterialFunctions02/PivotPainter2/Black_1x1_EXR_Texture.uasset" 261
"../../../Engine/Content/Functions/Engine_MaterialFunctions02/PivotPainter2/Black_1x1_EXR_Texture.uexp" 262
"../../../Engine/Content/EngineMaterials/BaseFlattenEmissiveMap.uasset" 263
"../../../Engine/Content/EngineMaterials/BaseFlattenEmissiveMap.uexp" 264
"../../../Engine/Content/EngineMaterials/BaseFlattenLinearColor.uasset" 265
"../../../Engine/Content/EngineMaterials/BaseFlattenLinearColor.uexp" 266
"../../../Engine/Content/EngineMaterials/FlattenMaterial.uasset" 267
"../../../Engine/Content/EngineMaterials/FlattenMaterial.uexp" 268
"../../../Engine/Content/EngineMaterials/DefaultWhiteGrid_Low.uasset" 269
"../../../Engine/Content/EngineMaterials/DefaultWhiteGrid_Low.uexp" 270
"../../../Engine/Content/EngineMaterials/EmissiveMeshMaterial.uasset" 271
"../../../Engine/Content/EngineMaterials/EmissiveMeshMaterial.uexp" 272
"../../../Engine/Content/EngineFonts/RobotoDistanceField.uasset" 273
"../../../Engine/Content/EngineFonts/RobotoDistanceField.uexp" 274
"../../../Engine/Content/EngineMaterials/DefaultTextMaterialOpaque.uasset" 275
"../../../Engine/Content/EngineMaterials/DefaultTextMaterialOpaque.uexp" 276
"../../../Engine/Content/EngineMaterials/DefaultDiffuse.ubulk" 277
"../../../Engine/Content/EngineMaterials/DefaultDiffuse.uasset" 278
"../../../Engine/Content/EngineMaterials/DefaultDiffuse.uexp" 279
"../../../Engine/Content/Functions/Engine_MaterialFunctions02/Utility/BreakOutFloat2Components.uasset" 280
"../../../Engine/Content/Functions/Engine_MaterialFunctions02/Utility/BreakOutFloat2Components.uexp" 281
"../../../Engine/Content/EngineMaterials/DefaultPostProcessMaterial.uasset" 282
"../../../Engine/Content/EngineMaterials/DefaultPostProcessMaterial.uexp" 283
"../../../Engine/Content/EngineMaterials/DefaultPhysicalMaterial.uasset" 284
"../../../Engine/Content/EngineMaterials/DefaultPhysicalMaterial.uexp" 285
"../../../Engine/Content/EngineMaterials/DefaultLightFunctionMaterial.uasset" 286
"../../../Engine/Content/EngineMaterials/DefaultLightFunctionMaterial.uexp" 287
"../../../Engine/Content/EngineMaterials/DefaultDestructiblePhysicalMaterial.uasset" 288
"../../../Engine/Content/EngineMaterials/DefaultDestructiblePhysicalMaterial.uexp" 289
"../../../Engine/Content/EngineMaterials/DefaultDeferredDecalMaterial.uasset" 290
"../../../Engine/Content/EngineMaterials/DefaultDeferredDecalMaterial.uexp" 291
"../../../Engine/Content/EngineMaterials/DefaultBloomKernel.uasset" 292
"../../../Engine/Content/EngineMaterials/DefaultBloomKernel.uexp" 293
"../../../Engine/Content/EngineResources/FilmGrains/Marcie_Grain_v3_128_M2_000.uasset" 294
"../../../Engine/Content/EngineResources/FilmGrains/Marcie_Grain_v3_128_M2_000.uexp" 295
"../../../Engine/Content/EngineSky/VolumetricClouds/CloudWeatherTexture.uasset" 296
"../../../Engine/Content/EngineSky/VolumetricClouds/CloudWeatherTexture.uexp" 297
"../../../Engine/Content/Functions/Engine_MaterialFunctions02/Utility/MakeFloat2.uasset" 298
"../../../Engine/Content/Functions/Engine_MaterialFunctions02/Utility/MakeFloat2.uexp" 299
"../../../Engine/Content/EngineSky/VolumetricClouds/CloudGradientTexture.uasset" 300
"../../../Engine/Content/EngineSky/VolumetricClouds/CloudGradientTexture.uexp" 301
"../../../Engine/Content/EngineSky/VolumetricClouds/T_NoiseShape64.ubulk" 302
"../../../Engine/Content/EngineSky/VolumetricClouds/T_NoiseShape64.uasset" 303
"../../../Engine/Content/EngineSky/VolumetricClouds/T_NoiseShape64.uexp" 304
"../../../Engine/Content/EngineSky/VolumetricClouds/T_VolumeNoiseShape64.uasset" 305
"../../../Engine/Content/EngineSky/VolumetricClouds/T_VolumeNoiseShape64.uexp" 306
"../../../Engine/Content/EngineSky/VolumetricClouds/T_NoiseErosion.ubulk" 307
"../../../Engine/Content/EngineSky/VolumetricClouds/T_NoiseErosion.uasset" 308
"../../../Engine/Content/EngineSky/VolumetricClouds/T_NoiseErosion.uexp" 309
"../../../Engine/Content/EngineSky/VolumetricClouds/T_VolumeNoiseErosion32.uasset" 310
"../../../Engine/Content/EngineSky/VolumetricClouds/T_VolumeNoiseErosion32.uexp" 311
"../../../Engine/Content/EngineSky/VolumetricClouds/m_SimpleVolumetricCloud.uasset" 312
"../../../Engine/Content/EngineSky/VolumetricClouds/m_SimpleVolumetricCloud.uexp" 313
"../../../Engine/Content/EngineSky/VolumetricClouds/m_SimpleVolumetricCloud_Inst.uasset" 314
"../../../Engine/Content/EngineSky/VolumetricClouds/m_SimpleVolumetricCloud_Inst.uexp" 315
"../../../Engine/Content/EngineSounds/Master.uasset" 316
"../../../Engine/Content/EngineSounds/Master.uexp" 317
"../../../Engine/Content/Functions/Engine_MaterialFunctions01/Shading/PowerToRoughness.uasset" 318
"../../../Engine/Content/Functions/Engine_MaterialFunctions01/Shading/PowerToRoughness.uexp" 319
"../../../Engine/Plugins/Animation/ControlRig/Content/M_Manip.uasset" 320
"../../../Engine/Plugins/Animation/ControlRig/Content/M_Manip.uexp" 321
"../../../Engine/Plugins/Animation/ControlRig/Content/Controls/DefaultGizmoLibraryNormalized.uasset" 322
"../../../Engine/Plugins/Animation/ControlRig/Content/Controls/DefaultGizmoLibraryNormalized.uexp" 323
"../../../Engine/Plugins/Animation/ControlRig/Content/Controls/ControlRig_Wedge_solid.ubulk" 324
"../../../Engine/Plugins/Animation/ControlRig/Content/Controls/ControlRig_Wedge_solid.uasset" 325
"../../../Engine/Plugins/Animation/ControlRig/Content/Controls/ControlRig_Wedge_solid.uexp" 326
"../../../Engine/Plugins/Animation/ControlRig/Content/Controls/ControlRig_Wedge_3mm.ubulk" 327
"../../../Engine/Plugins/Animation/ControlRig/Content/Controls/ControlRig_Wedge_3mm.uasset" 328
"../../../Engine/Plugins/Animation/ControlRig/Content/Controls/ControlRig_Wedge_3mm.uexp" 329
"../../../Engine/Plugins/Animation/ControlRig/Content/Controls/ControlRig_Wedge_1mm.ubulk" 330
"../../../Engine/Plugins/Animation/ControlRig/Content/Controls/ControlRig_Wedge_1mm.uasset" 331
"../../../Engine/Plugins/Animation/ControlRig/Content/Controls/ControlRig_Wedge_1mm.uexp" 332
"../../../Engine/Plugins/Animation/ControlRig/Content/Controls/ControlRig_Triangle_solid.ubulk" 333
"../../../Engine/Plugins/Animation/ControlRig/Content/Controls/ControlRig_Triangle_solid.uasset" 334
"../../../Engine/Plugins/Animation/ControlRig/Content/Controls/ControlRig_Triangle_solid.uexp" 335
"../../../Engine/Plugins/Animation/ControlRig/Content/Controls/ControlRig_Triangle_3mm.ubulk" 336
"../../../Engine/Plugins/Animation/ControlRig/Content/Controls/ControlRig_Triangle_3mm.uasset" 337
"../../../Engine/Plugins/Animation/ControlRig/Content/Controls/ControlRig_Triangle_3mm.uexp" 338
"../../../Engine/Plugins/Animation/ControlRig/Content/Controls/ControlRig_Triangle_1mm.ubulk" 339
"../../../Engine/Plugins/Animation/ControlRig/Content/Controls/ControlRig_Triangle_1mm.uasset" 340
"../../../Engine/Plugins/Animation/ControlRig/Content/Controls/ControlRig_Triangle_1mm.uexp" 341
"../../../Engine/Plugins/Animation/ControlRig/Content/Controls/ControlRig_Star4_solid.ubulk" 342
"../../../Engine/Plugins/Animation/ControlRig/Content/Controls/ControlRig_Star4_solid.uasset" 343
"../../../Engine/Plugins/Animation/ControlRig/Content/Controls/ControlRig_Star4_solid.uexp" 344
"../../../Engine/Plugins/Animation/ControlRig/Content/Controls/ControlRig_Star4_3mm.ubulk" 345
"../../../Engine/Plugins/Animation/ControlRig/Content/Controls/ControlRig_Star4_3mm.uasset" 346
"../../../Engine/Plugins/Animation/ControlRig/Content/Controls/ControlRig_Star4_3mm.uexp" 347
"../../../Engine/Plugins/Animation/ControlRig/Content/Controls/ControlRig_Star4_1mm.ubulk" 348
"../../../Engine/Plugins/Animation/ControlRig/Content/Controls/ControlRig_Star4_1mm.uasset" 349
"../../../Engine/Plugins/Animation/ControlRig/Content/Controls/ControlRig_Star4_1mm.uexp" 350
"../../../Engine/Plugins/Animation/ControlRig/Content/Controls/ControlRig_Square_solid.ubulk" 351
"../../../Engine/Plugins/Animation/ControlRig/Content/Controls/ControlRig_Square_solid.uasset" 352
"../../../Engine/Plugins/Animation/ControlRig/Content/Controls/ControlRig_Square_solid.uexp" 353
"../../../Engine/Plugins/Animation/ControlRig/Content/Controls/ControlRig_Square_3mm.ubulk" 354
"../../../Engine/Plugins/Animation/ControlRig/Content/Controls/ControlRig_Square_3mm.uasset" 355
"../../../Engine/Plugins/Animation/ControlRig/Content/Controls/ControlRig_Square_3mm.uexp" 356
"../../../Engine/Plugins/Animation/ControlRig/Content/Controls/ControlRig_Square_1mm.ubulk" 357
"../../../Engine/Plugins/Animation/ControlRig/Content/Controls/ControlRig_Square_1mm.uasset" 358
"../../../Engine/Plugins/Animation/ControlRig/Content/Controls/ControlRig_Square_1mm.uexp" 359
"../../../Engine/Plugins/Animation/ControlRig/Content/Controls/ControlRig_Sphere_solid.ubulk" 360
"../../../Engine/Plugins/Animation/ControlRig/Content/Controls/ControlRig_Sphere_solid.uasset" 361
"../../../Engine/Plugins/Animation/ControlRig/Content/Controls/ControlRig_Sphere_solid.uexp" 362
"../../../Engine/Plugins/Animation/ControlRig/Content/Controls/ControlRig_Sphere_3mm.ubulk" 363
"../../../Engine/Plugins/Animation/ControlRig/Content/Controls/ControlRig_Sphere_3mm.uasset" 364
"../../../Engine/Plugins/Animation/ControlRig/Content/Controls/ControlRig_Sphere_3mm.uexp" 365
"../../../Engine/Plugins/Animation/ControlRig/Content/Controls/ControlRig_Sphere_1mm.ubulk" 366
"../../../Engine/Plugins/Animation/ControlRig/Content/Controls/ControlRig_Sphere_1mm.uasset" 367
"../../../Engine/Plugins/Animation/ControlRig/Content/Controls/ControlRig_Sphere_1mm.uexp" 368
"../../../Engine/Plugins/Animation/ControlRig/Content/Controls/ControlRig_RoundedTriangle_solid.ubulk" 369
"../../../Engine/Plugins/Animation/ControlRig/Content/Controls/ControlRig_RoundedTriangle_solid.uasset" 370
"../../../Engine/Plugins/Animation/ControlRig/Content/Controls/ControlRig_RoundedTriangle_solid.uexp" 371
"../../../Engine/Plugins/Animation/ControlRig/Content/Controls/ControlRig_RoundedTriangle_3mm.ubulk" 372
"../../../Engine/Plugins/Animation/ControlRig/Content/Controls/ControlRig_RoundedTriangle_3mm.uasset" 373
"../../../Engine/Plugins/Animation/ControlRig/Content/Controls/ControlRig_RoundedTriangle_3mm.uexp" 374
"../../../Engine/Plugins/Animation/ControlRig/Content/Controls/ControlRig_RoundedTriangle_1mm.ubulk" 375
"../../../Engine/Plugins/Animation/ControlRig/Content/Controls/ControlRig_RoundedTriangle_1mm.uasset" 376
"../../../Engine/Plugins/Animation/ControlRig/Content/Controls/ControlRig_RoundedTriangle_1mm.uexp" 377
"../../../Engine/Plugins/Animation/ControlRig/Content/Controls/ControlRig_RoundedSquare_solid.ubulk" 378
"../../../Engine/Plugins/Animation/ControlRig/Content/Controls/ControlRig_RoundedSquare_solid.uasset" 379
"../../../Engine/Plugins/Animation/ControlRig/Content/Controls/ControlRig_RoundedSquare_solid.uexp" 380
"../../../Engine/Plugins/Animation/ControlRig/Content/Controls/ControlRig_RoundedSquare_3mm.ubulk" 381
"../../../Engine/Plugins/Animation/ControlRig/Content/Controls/ControlRig_RoundedSquare_3mm.uasset" 382
"../../../Engine/Plugins/Animation/ControlRig/Content/Controls/ControlRig_RoundedSquare_3mm.uexp" 383
"../../../Engine/Plugins/Animation/ControlRig/Content/Controls/ControlRig_RoundedSquare_1mm.ubulk" 384
"../../../Engine/Plugins/Animation/ControlRig/Content/Controls/ControlRig_RoundedSquare_1mm.uasset" 385
"../../../Engine/Plugins/Animation/ControlRig/Content/Controls/ControlRig_RoundedSquare_1mm.uexp" 386
"../../../Engine/Plugins/Animation/ControlRig/Content/Controls/ControlRig_QuarterCircle_solid.ubulk" 387
"../../../Engine/Plugins/Animation/ControlRig/Content/Controls/ControlRig_QuarterCircle_solid.uasset" 388
"../../../Engine/Plugins/Animation/ControlRig/Content/Controls/ControlRig_QuarterCircle_solid.uexp" 389
"../../../Engine/Plugins/Animation/ControlRig/Content/Controls/ControlRig_QuarterCircle_3mm.ubulk" 390
"../../../Engine/Plugins/Animation/ControlRig/Content/Controls/ControlRig_QuarterCircle_3mm.uasset" 391
"../../../Engine/Plugins/Animation/ControlRig/Content/Controls/ControlRig_QuarterCircle_3mm.uexp" 392
"../../../Engine/Plugins/Animation/ControlRig/Content/Controls/ControlRig_QuarterCircle_1mm.ubulk" 393
"../../../Engine/Plugins/Animation/ControlRig/Content/Controls/ControlRig_QuarterCircle_1mm.uasset" 394
"../../../Engine/Plugins/Animation/ControlRig/Content/Controls/ControlRig_QuarterCircle_1mm.uexp" 395
"../../../Engine/Plugins/Animation/ControlRig/Content/Controls/ControlRig_Pyramid_solid.ubulk" 396
"../../../Engine/Plugins/Animation/ControlRig/Content/Controls/ControlRig_Pyramid_solid.uasset" 397
"../../../Engine/Plugins/Animation/ControlRig/Content/Controls/ControlRig_Pyramid_solid.uexp" 398
"../../../Engine/Plugins/Animation/ControlRig/Content/Controls/ControlRig_Pyramid_3mm.ubulk" 399
"../../../Engine/Plugins/Animation/ControlRig/Content/Controls/ControlRig_Pyramid_3mm.uasset" 400
"../../../Engine/Plugins/Animation/ControlRig/Content/Controls/ControlRig_Pyramid_3mm.uexp" 401
"../../../Engine/Plugins/Animation/ControlRig/Content/Controls/ControlRig_Pyramid_1mm.ubulk" 402
"../../../Engine/Plugins/Animation/ControlRig/Content/Controls/ControlRig_Pyramid_1mm.uasset" 403
"../../../Engine/Plugins/Animation/ControlRig/Content/Controls/ControlRig_Pyramid_1mm.uexp" 404
"../../../Engine/Plugins/Animation/ControlRig/Content/Controls/ControlRig_Octagon_solid.ubulk" 405
"../../../Engine/Plugins/Animation/ControlRig/Content/Controls/ControlRig_Octagon_solid.uasset" 406
"../../../Engine/Plugins/Animation/ControlRig/Content/Controls/ControlRig_Octagon_solid.uexp" 407
"../../../Engine/Plugins/Animation/ControlRig/Content/Controls/ControlRig_Octagon_3mm.ubulk" 408
"../../../Engine/Plugins/Animation/ControlRig/Content/Controls/ControlRig_Octagon_3mm.uasset" 409
"../../../Engine/Plugins/Animation/ControlRig/Content/Controls/ControlRig_Octagon_3mm.uexp" 410
"../../../Engine/Plugins/Animation/ControlRig/Content/Controls/ControlRig_Octagon_1mm.ubulk" 411
"../../../Engine/Plugins/Animation/ControlRig/Content/Controls/ControlRig_Octagon_1mm.uasset" 412
"../../../Engine/Plugins/Animation/ControlRig/Content/Controls/ControlRig_Octagon_1mm.uexp" 413
"../../../Engine/Plugins/Animation/ControlRig/Content/Controls/ControlRig_Hexagon_solid.ubulk" 414
"../../../Engine/Plugins/Animation/ControlRig/Content/Controls/ControlRig_Hexagon_solid.uasset" 415
"../../../Engine/Plugins/Animation/ControlRig/Content/Controls/ControlRig_Hexagon_solid.uexp" 416
"../../../Engine/Plugins/Animation/ControlRig/Content/Controls/ControlRig_Hexagon_3mm.ubulk" 417
"../../../Engine/Plugins/Animation/ControlRig/Content/Controls/ControlRig_Hexagon_3mm.uasset" 418
"../../../Engine/Plugins/Animation/ControlRig/Content/Controls/ControlRig_Hexagon_3mm.uexp" 419
"../../../Engine/Plugins/Animation/ControlRig/Content/Controls/ControlRig_Hexagon_1mm.ubulk" 420
"../../../Engine/Plugins/Animation/ControlRig/Content/Controls/ControlRig_Hexagon_1mm.uasset" 421
"../../../Engine/Plugins/Animation/ControlRig/Content/Controls/ControlRig_Hexagon_1mm.uexp" 422
"../../../Engine/Plugins/Animation/ControlRig/Content/Controls/ControlRig_HalfCircle_solid.ubulk" 423
"../../../Engine/Plugins/Animation/ControlRig/Content/Controls/ControlRig_HalfCircle_solid.uasset" 424
"../../../Engine/Plugins/Animation/ControlRig/Content/Controls/ControlRig_HalfCircle_solid.uexp" 425
"../../../Engine/Plugins/Animation/ControlRig/Content/Controls/ControlRig_HalfCircle_3mm.ubulk" 426
"../../../Engine/Plugins/Animation/ControlRig/Content/Controls/ControlRig_HalfCircle_3mm.uasset" 427
"../../../Engine/Plugins/Animation/ControlRig/Content/Controls/ControlRig_HalfCircle_3mm.uexp" 428
"../../../Engine/Plugins/Animation/ControlRig/Content/Controls/ControlRig_HalfCircle_1mm.ubulk" 429
"../../../Engine/Plugins/Animation/ControlRig/Content/Controls/ControlRig_HalfCircle_1mm.uasset" 430
"../../../Engine/Plugins/Animation/ControlRig/Content/Controls/ControlRig_HalfCircle_1mm.uexp" 431
"../../../Engine/Plugins/Animation/ControlRig/Content/Controls/ControlRig_Diamond_solid.ubulk" 432
"../../../Engine/Plugins/Animation/ControlRig/Content/Controls/ControlRig_Diamond_solid.uasset" 433
"../../../Engine/Plugins/Animation/ControlRig/Content/Controls/ControlRig_Diamond_solid.uexp" 434
"../../../Engine/Plugins/Animation/ControlRig/Content/Controls/ControlRig_Diamond_3mm.ubulk" 435
"../../../Engine/Plugins/Animation/ControlRig/Content/Controls/ControlRig_Diamond_3mm.uasset" 436
"../../../Engine/Plugins/Animation/ControlRig/Content/Controls/ControlRig_Diamond_3mm.uexp" 437
"../../../Engine/Plugins/Animation/ControlRig/Content/Controls/ControlRig_Diamond_1mm.ubulk" 438
"../../../Engine/Plugins/Animation/ControlRig/Content/Controls/ControlRig_Diamond_1mm.uasset" 439
"../../../Engine/Plugins/Animation/ControlRig/Content/Controls/ControlRig_Diamond_1mm.uexp" 440
"../../../Engine/Plugins/Animation/ControlRig/Content/Controls/ControlRig_Circle_solid.ubulk" 441
"../../../Engine/Plugins/Animation/ControlRig/Content/Controls/ControlRig_Circle_solid.uasset" 442
"../../../Engine/Plugins/Animation/ControlRig/Content/Controls/ControlRig_Circle_solid.uexp" 443
"../../../Engine/Plugins/Animation/ControlRig/Content/Controls/ControlRig_Circle_3mm.ubulk" 444
"../../../Engine/Plugins/Animation/ControlRig/Content/Controls/ControlRig_Circle_3mm.uasset" 445
"../../../Engine/Plugins/Animation/ControlRig/Content/Controls/ControlRig_Circle_3mm.uexp" 446
"../../../Engine/Plugins/Animation/ControlRig/Content/Controls/ControlRig_Circle_1mm.ubulk" 447
"../../../Engine/Plugins/Animation/ControlRig/Content/Controls/ControlRig_Circle_1mm.uasset" 448
"../../../Engine/Plugins/Animation/ControlRig/Content/Controls/ControlRig_Circle_1mm.uexp" 449
"../../../Engine/Plugins/Animation/ControlRig/Content/Controls/ControlRig_Box_solid.ubulk" 450
"../../../Engine/Plugins/Animation/ControlRig/Content/Controls/ControlRig_Box_solid.uasset" 451
"../../../Engine/Plugins/Animation/ControlRig/Content/Controls/ControlRig_Box_solid.uexp" 452
"../../../Engine/Plugins/Animation/ControlRig/Content/Controls/ControlRig_Box_3mm.ubulk" 453
"../../../Engine/Plugins/Animation/ControlRig/Content/Controls/ControlRig_Box_3mm.uasset" 454
"../../../Engine/Plugins/Animation/ControlRig/Content/Controls/ControlRig_Box_3mm.uexp" 455
"../../../Engine/Plugins/Animation/ControlRig/Content/Controls/ControlRig_Box_1mm.ubulk" 456
"../../../Engine/Plugins/Animation/ControlRig/Content/Controls/ControlRig_Box_1mm.uasset" 457
"../../../Engine/Plugins/Animation/ControlRig/Content/Controls/ControlRig_Box_1mm.uexp" 458
"../../../Engine/Plugins/Animation/ControlRig/Content/Controls/ControlRig_Arrow_solid.ubulk" 459
"../../../Engine/Plugins/Animation/ControlRig/Content/Controls/ControlRig_Arrow_solid.uasset" 460
"../../../Engine/Plugins/Animation/ControlRig/Content/Controls/ControlRig_Arrow_solid.uexp" 461
"../../../Engine/Plugins/Animation/ControlRig/Content/Controls/ControlRig_Arrow_3mm.ubulk" 462
"../../../Engine/Plugins/Animation/ControlRig/Content/Controls/ControlRig_Arrow_3mm.uasset" 463
"../../../Engine/Plugins/Animation/ControlRig/Content/Controls/ControlRig_Arrow_3mm.uexp" 464
"../../../Engine/Plugins/Animation/ControlRig/Content/Controls/ControlRig_Arrow_1mm.ubulk" 465
"../../../Engine/Plugins/Animation/ControlRig/Content/Controls/ControlRig_Arrow_1mm.uasset" 466
"../../../Engine/Plugins/Animation/ControlRig/Content/Controls/ControlRig_Arrow_1mm.uexp" 467
"../../../Engine/Plugins/Animation/ControlRig/Content/Controls/ControlRig_Arrow4_solid.ubulk" 468
"../../../Engine/Plugins/Animation/ControlRig/Content/Controls/ControlRig_Arrow4_solid.uasset" 469
"../../../Engine/Plugins/Animation/ControlRig/Content/Controls/ControlRig_Arrow4_solid.uexp" 470
"../../../Engine/Plugins/Animation/ControlRig/Content/Controls/ControlRig_Arrow4_3mm.ubulk" 471
"../../../Engine/Plugins/Animation/ControlRig/Content/Controls/ControlRig_Arrow4_3mm.uasset" 472
"../../../Engine/Plugins/Animation/ControlRig/Content/Controls/ControlRig_Arrow4_3mm.uexp" 473
"../../../Engine/Plugins/Animation/ControlRig/Content/Controls/ControlRig_Arrow4_1mm.ubulk" 474
"../../../Engine/Plugins/Animation/ControlRig/Content/Controls/ControlRig_Arrow4_1mm.uasset" 475
"../../../Engine/Plugins/Animation/ControlRig/Content/Controls/ControlRig_Arrow4_1mm.uexp" 476
"../../../Engine/Plugins/Animation/ControlRig/Content/Controls/ControlRig_Arrow2_solid.ubulk" 477
"../../../Engine/Plugins/Animation/ControlRig/Content/Controls/ControlRig_Arrow2_solid.uasset" 478
"../../../Engine/Plugins/Animation/ControlRig/Content/Controls/ControlRig_Arrow2_solid.uexp" 479
"../../../Engine/Plugins/Animation/ControlRig/Content/Controls/ControlRig_Arrow2_3mm.ubulk" 480
"../../../Engine/Plugins/Animation/ControlRig/Content/Controls/ControlRig_Arrow2_3mm.uasset" 481
"../../../Engine/Plugins/Animation/ControlRig/Content/Controls/ControlRig_Arrow2_3mm.uexp" 482
"../../../Engine/Plugins/Animation/ControlRig/Content/Controls/ControlRig_Arrow2_1mm.ubulk" 483
"../../../Engine/Plugins/Animation/ControlRig/Content/Controls/ControlRig_Arrow2_1mm.uasset" 484
"../../../Engine/Plugins/Animation/ControlRig/Content/Controls/ControlRig_Arrow2_1mm.uexp" 485
"../../../Engine/Plugins/Animation/ControlRig/Content/Controls/ControlRigXRayMaterial.uasset" 486
"../../../Engine/Plugins/Animation/ControlRig/Content/Controls/ControlRigXRayMaterial.uexp" 487
"../../../Engine/Plugins/Animation/ControlRig/Content/Controls/ControlRigGizmoMaterial.uasset" 488
"../../../Engine/Plugins/Animation/ControlRig/Content/Controls/ControlRigGizmoMaterial.uexp" 489
"../../../Engine/Plugins/2D/Paper2D/Content/PlaceholderTextures/DummySpriteTexture.ubulk" 490
"../../../Engine/Plugins/2D/Paper2D/Content/PlaceholderTextures/DummySpriteTexture.uasset" 491
"../../../Engine/Plugins/2D/Paper2D/Content/PlaceholderTextures/DummySpriteTexture.uexp" 492
"../../../Engine/Plugins/2D/Paper2D/Content/DefaultSpriteMaterial.uasset" 493
"../../../Engine/Plugins/2D/Paper2D/Content/DefaultSpriteMaterial.uexp" 494
"../../../Engine/Plugins/2D/Paper2D/Content/OpaqueUnlitSpriteMaterial.uasset" 495
"../../../Engine/Plugins/2D/Paper2D/Content/OpaqueUnlitSpriteMaterial.uexp" 496
"../../../Engine/Plugins/2D/Paper2D/Content/MaskedUnlitSpriteMaterial.uasset" 497
"../../../Engine/Plugins/2D/Paper2D/Content/MaskedUnlitSpriteMaterial.uexp" 498
"../../../Engine/Plugins/2D/Paper2D/Content/DummySprite.uasset" 499
"../../../Engine/Plugins/2D/Paper2D/Content/DummySprite.uexp" 500
"../../../Engine/Plugins/2D/Paper2D/Content/DefaultPaperTerrainMaterial.uasset" 501
"../../../Engine/Plugins/2D/Paper2D/Content/DefaultPaperTerrainMaterial.uexp" 502
"../../../Engine/Content/MobileResources/HUD/VirtualJoystick_Background.uasset" 503
"../../../Engine/Content/MobileResources/HUD/VirtualJoystick_Background.uexp" 504
"../../../Engine/Content/MobileResources/HUD/VirtualJoystick_Thumb.uasset" 505
"../../../Engine/Content/MobileResources/HUD/VirtualJoystick_Thumb.uexp" 506
"../../../Engine/Content/MobileResources/HUD/DefaultVirtualJoysticks.uasset" 507
"../../../Engine/Content/MobileResources/HUD/DefaultVirtualJoysticks.uexp" 508
"../../../Engine/Plugins/Editor/SpeedTreeImporter/Content/SpeedTree9/game_wind_noise.ubulk" 509
"../../../Engine/Plugins/Editor/SpeedTreeImporter/Content/SpeedTree9/game_wind_noise.uasset" 510
"../../../Engine/Plugins/Editor/SpeedTreeImporter/Content/SpeedTree9/game_wind_noise.uexp" 511
"../../../Engine/Plugins/Editor/SpeedTreeImporter/Content/SpeedTree9/UnpackDirection.uasset" 512
"../../../Engine/Plugins/Editor/SpeedTreeImporter/Content/SpeedTree9/UnpackDirection.uexp" 513
"../../../Engine/Content/Functions/Engine_MaterialFunctions02/ObjectLocalBounds.uasset" 514
"../../../Engine/Content/Functions/Engine_MaterialFunctions02/ObjectLocalBounds.uexp" 515
"../../../Engine/Content/Functions/Engine_MaterialFunctions02/UVs/BoundingBoxBased_0-1_UVW.uasset" 516
"../../../Engine/Content/Functions/Engine_MaterialFunctions02/UVs/BoundingBoxBased_0-1_UVW.uexp" 517
"../../../Engine/Content/Functions/Engine_MaterialFunctions02/Utility/VectorLength.uasset" 518
"../../../Engine/Content/Functions/Engine_MaterialFunctions02/Utility/VectorLength.uexp" 519
"../../../Engine/Plugins/Editor/SpeedTreeImporter/Content/SpeedTree9/UnpackInteger3.uasset" 520
"../../../Engine/Plugins/Editor/SpeedTreeImporter/Content/SpeedTree9/UnpackInteger3.uexp" 521
"../../../Engine/Plugins/Editor/SpeedTreeImporter/Content/SpeedTree9/SpeedTreeCameraFacing.uasset" 522
"../../../Engine/Plugins/Editor/SpeedTreeImporter/Content/SpeedTree9/SpeedTreeCameraFacing.uexp" 523
"../../../Engine/Content/Functions/Engine_MaterialFunctions02/WorldPositionOffset/ObjectScale.uasset" 524
"../../../Engine/Content/Functions/Engine_MaterialFunctions02/WorldPositionOffset/ObjectScale.uexp" 525
"../../../Engine/Content/Functions/Engine_MaterialFunctions02/SafeNormalize.uasset" 526
"../../../Engine/Content/Functions/Engine_MaterialFunctions02/SafeNormalize.uexp" 527
"../../../Engine/Plugins/Editor/SpeedTreeImporter/Content/SpeedTree9/SpeedTreeWindMotion.uasset" 528
"../../../Engine/Plugins/Editor/SpeedTreeImporter/Content/SpeedTree9/SpeedTreeWindMotion.uexp" 529
"../../../Engine/Plugins/Editor/SpeedTreeImporter/Content/SpeedTree9/SpeedTreeBranchMotion.uasset" 530
"../../../Engine/Plugins/Editor/SpeedTreeImporter/Content/SpeedTree9/SpeedTreeBranchMotion.uexp" 531
"../../../Engine/Plugins/Editor/SpeedTreeImporter/Content/SpeedTree9/SpeedTreeWind.uasset" 532
"../../../Engine/Plugins/Editor/SpeedTreeImporter/Content/SpeedTree9/SpeedTreeWind.uexp" 533
"../../../Engine/Plugins/Editor/SpeedTreeImporter/Content/SpeedTree9/EmptyNormal.uasset" 534
"../../../Engine/Plugins/Editor/SpeedTreeImporter/Content/SpeedTree9/EmptyNormal.uexp" 535
"../../../Engine/Plugins/Editor/SpeedTreeImporter/Content/SpeedTree9/Empty.uasset" 536
"../../../Engine/Plugins/Editor/SpeedTreeImporter/Content/SpeedTree9/Empty.uexp" 537
"../../../Engine/Plugins/Editor/SpeedTreeImporter/Content/SpeedTree9/SpeedTreeMaster.uasset" 538
"../../../Engine/Plugins/Editor/SpeedTreeImporter/Content/SpeedTree9/SpeedTreeMaster.uexp" 539
"../../../Engine/Plugins/Editor/SpeedTreeImporter/Content/SpeedTree9/SpeedTreeBillboard.uasset" 540
"../../../Engine/Plugins/Editor/SpeedTreeImporter/Content/SpeedTree9/SpeedTreeBillboard.uexp" 541
"../../../Engine/Plugins/Editor/SpeedTreeImporter/Content/SpeedTree9/SpeedTreeBillboardMaster.uasset" 542
"../../../Engine/Plugins/Editor/SpeedTreeImporter/Content/SpeedTree9/SpeedTreeBillboardMaster.uexp" 543
"../../../Engine/Content/Functions/Engine_MaterialFunctions02/Texturing/CustomRotator.uasset" 544
"../../../Engine/Content/Functions/Engine_MaterialFunctions02/Texturing/CustomRotator.uexp" 545
"../../../Engine/Content/Functions/Engine_MaterialFunctions02/Texturing/ScreenAlignedPixelToPixelUVs.uasset" 546
"../../../Engine/Content/Functions/Engine_MaterialFunctions02/Texturing/ScreenAlignedPixelToPixelUVs.uexp" 547
"../../../Engine/Plugins/Interchange/Runtime/Content/Utilities/T_Bayer64_Grayscale_64px.uasset" 548
"../../../Engine/Plugins/Interchange/Runtime/Content/Utilities/T_Bayer64_Grayscale_64px.uexp" 549
"../../../Engine/Plugins/Interchange/Runtime/Content/gltf/MaterialFunctions/MF_Temporal_Blur.uasset" 550
"../../../Engine/Plugins/Interchange/Runtime/Content/gltf/MaterialFunctions/MF_Temporal_Blur.uexp" 551
"../../../Engine/Plugins/Interchange/Runtime/Content/gltf/MaterialFunctions/MF_Fresnel_DS.uasset" 552
"../../../Engine/Plugins/Interchange/Runtime/Content/gltf/MaterialFunctions/MF_Fresnel_DS.uexp" 553
"../../../Engine/Plugins/Interchange/Runtime/Content/Functions/MX_Transmission.uasset" 554
"../../../Engine/Plugins/Interchange/Runtime/Content/Functions/MX_Transmission.uexp" 555
"../../../Engine/Plugins/Interchange/Runtime/Content/Functions/MF_OrenNayerView.uasset" 556
"../../../Engine/Plugins/Interchange/Runtime/Content/Functions/MF_OrenNayerView.uexp" 557
"../../../Engine/Plugins/Interchange/Runtime/Content/Functions/MF_SchlickApprox.uasset" 558
"../../../Engine/Plugins/Interchange/Runtime/Content/Functions/MF_SchlickApprox.uexp" 559
"../../../Engine/Plugins/Interchange/Runtime/Content/Utilities/New_LUT.uasset" 560
"../../../Engine/Plugins/Interchange/Runtime/Content/Utilities/New_LUT.uexp" 561
"../../../Engine/Content/Functions/Engine_MaterialFunctions03/Math/RemapValueRange.uasset" 562
"../../../Engine/Content/Functions/Engine_MaterialFunctions03/Math/RemapValueRange.uexp" 563
"../../../Engine/Plugins/Interchange/Runtime/Content/Functions/MF_Iridescence.uasset" 564
"../../../Engine/Plugins/Interchange/Runtime/Content/Functions/MF_Iridescence.uexp" 565
"../../../Engine/Plugins/Interchange/Runtime/Content/Functions/MX_StandardSurface.uasset" 566
"../../../Engine/Plugins/Interchange/Runtime/Content/Functions/MX_StandardSurface.uexp" 567
"../../../Engine/Plugins/Interchange/Runtime/Content/Functions/MX_TransmissionSurface.uasset" 568
"../../../Engine/Plugins/Interchange/Runtime/Content/Functions/MX_TransmissionSurface.uexp" 569
"../../../Engine/Content/Functions/Engine_MaterialFunctions02/Math/AddComponents.uasset" 570
"../../../Engine/Content/Functions/Engine_MaterialFunctions02/Math/AddComponents.uexp" 571
"../../../Engine/Content/Functions/Engine_MaterialFunctions02/WorldPositionOffset/V2/ObjectScale.uasset" 572
"../../../Engine/Content/Functions/Engine_MaterialFunctions02/WorldPositionOffset/V2/ObjectScale.uexp" 573
"../../../Engine/Plugins/Interchange/Runtime/Content/gltf/MaterialFunctions/MF_TransmissionOpacity.uasset" 574
"../../../Engine/Plugins/Interchange/Runtime/Content/gltf/MaterialFunctions/MF_TransmissionOpacity.uexp" 575
"../../../Engine/Plugins/Interchange/Runtime/Content/gltf/MaterialFunctions/MF_RotateV2.uasset" 576
"../../../Engine/Plugins/Interchange/Runtime/Content/gltf/MaterialFunctions/MF_RotateV2.uexp" 577
"../../../Engine/Plugins/Interchange/Runtime/Content/gltf/MaterialFunctions/MF_TransformUVs.uasset" 578
"../../../Engine/Plugins/Interchange/Runtime/Content/gltf/MaterialFunctions/MF_TransformUVs.uexp" 579
"../../../Engine/Plugins/Interchange/Runtime/Content/gltf/Textures/T_White_srgb.uasset" 580
"../../../Engine/Plugins/Interchange/Runtime/Content/gltf/Textures/T_White_srgb.uexp" 581
"../../../Engine/Plugins/Interchange/Runtime/Content/gltf/MaterialFunctions/MF_BaseColor.uasset" 582
"../../../Engine/Plugins/Interchange/Runtime/Content/gltf/MaterialFunctions/MF_BaseColor.uexp" 583
"../../../Engine/Plugins/Interchange/Runtime/Content/gltf/MaterialFunctions/MF_DiffuseSpecGloss.uasset" 584
"../../../Engine/Plugins/Interchange/Runtime/Content/gltf/MaterialFunctions/MF_DiffuseSpecGloss.uexp" 585
"../../../Engine/Plugins/Interchange/Runtime/Content/gltf/Textures/T_White_Linear.uasset" 586
"../../../Engine/Plugins/Interchange/Runtime/Content/gltf/Textures/T_White_Linear.uexp" 587
"../../../Engine/Plugins/Interchange/Runtime/Content/gltf/MaterialFunctions/MF_MetallicRoughness.uasset" 588
"../../../Engine/Plugins/Interchange/Runtime/Content/gltf/MaterialFunctions/MF_MetallicRoughness.uexp" 589
"../../../Engine/Plugins/Interchange/Runtime/Content/gltf/MaterialFunctions/MF_Transmission.uasset" 590
"../../../Engine/Plugins/Interchange/Runtime/Content/gltf/MaterialFunctions/MF_Transmission.uexp" 591
"../../../Engine/Plugins/Interchange/Runtime/Content/gltf/MaterialFunctions/MF_Occlusion.uasset" 592
"../../../Engine/Plugins/Interchange/Runtime/Content/gltf/MaterialFunctions/MF_Occlusion.uexp" 593
"../../../Engine/Plugins/Interchange/Runtime/Content/gltf/MaterialFunctions/MF_Specular.uasset" 594
"../../../Engine/Plugins/Interchange/Runtime/Content/gltf/MaterialFunctions/MF_Specular.uexp" 595
"../../../Engine/Plugins/Interchange/Runtime/Content/gltf/MaterialFunctions/MF_IOR.uasset" 596
"../../../Engine/Plugins/Interchange/Runtime/Content/gltf/MaterialFunctions/MF_IOR.uexp" 597
"../../../Engine/Content/Functions/Engine_MaterialFunctions01/Texturing/FlattenNormal.uasset" 598
"../../../Engine/Content/Functions/Engine_MaterialFunctions01/Texturing/FlattenNormal.uexp" 599
"../../../Engine/Content/Functions/Engine_MaterialFunctions02/Math/Transform3x3Matrix.uasset" 600
"../../../Engine/Content/Functions/Engine_MaterialFunctions02/Math/Transform3x3Matrix.uexp" 601
"../../../Engine/Plugins/Interchange/Runtime/Content/gltf/MaterialFunctions/MF_RotateNormals_TS.uasset" 602
"../../../Engine/Plugins/Interchange/Runtime/Content/gltf/MaterialFunctions/MF_RotateNormals_TS.uexp" 603
"../../../Engine/Plugins/Interchange/Runtime/Content/gltf/Textures/T_Generic_N.uasset" 604
"../../../Engine/Plugins/Interchange/Runtime/Content/gltf/Textures/T_Generic_N.uexp" 605
"../../../Engine/Plugins/Interchange/Runtime/Content/gltf/MaterialFunctions/MF_Normals.uasset" 606
"../../../Engine/Plugins/Interchange/Runtime/Content/gltf/MaterialFunctions/MF_Normals.uexp" 607
"../../../Engine/Plugins/Interchange/Runtime/Content/gltf/MaterialFunctions/MF_PerceivedBrightness.uasset" 608
"../../../Engine/Plugins/Interchange/Runtime/Content/gltf/MaterialFunctions/MF_PerceivedBrightness.uexp" 609
"../../../Engine/Plugins/Interchange/Runtime/Content/gltf/MaterialFunctions/MF_SpecGlossToMetalRoughness.uasset" 610
"../../../Engine/Plugins/Interchange/Runtime/Content/gltf/MaterialFunctions/MF_SpecGlossToMetalRoughness.uexp" 611
"../../../Engine/Plugins/Interchange/Runtime/Content/gltf/M_Transmission.uasset" 612
"../../../Engine/Plugins/Interchange/Runtime/Content/gltf/M_Transmission.uexp" 613
"../../../Engine/Plugins/Interchange/Runtime/Content/gltf/MaterialInstances_MR/MI_Transmission_TS.uasset" 614
"../../../Engine/Plugins/Interchange/Runtime/Content/gltf/MaterialInstances_MR/MI_Transmission_TS.uexp" 615
"../../../Engine/Plugins/Interchange/Runtime/Content/gltf/MaterialInstances_MR/MI_Transmission.uasset" 616
"../../../Engine/Plugins/Interchange/Runtime/Content/gltf/MaterialInstances_MR/MI_Transmission.uexp" 617
"../../../Engine/Plugins/Interchange/Runtime/Content/gltf/MaterialFunctions/MF_Clearcoat.uasset" 618
"../../../Engine/Plugins/Interchange/Runtime/Content/gltf/MaterialFunctions/MF_Clearcoat.uexp" 619
"../../../Engine/Plugins/Interchange/Runtime/Content/gltf/MaterialFunctions/MF_Emissive.uasset" 620
"../../../Engine/Plugins/Interchange/Runtime/Content/gltf/MaterialFunctions/MF_Emissive.uexp" 621
"../../../Engine/Plugins/Interchange/Runtime/Content/gltf/M_Translucent.uasset" 622
"../../../Engine/Plugins/Interchange/Runtime/Content/gltf/M_Translucent.uexp" 623
"../../../Engine/Plugins/Interchange/Runtime/Content/gltf/MaterialInstances_MR/MI_Translucent_TS.uasset" 624
"../../../Engine/Plugins/Interchange/Runtime/Content/gltf/MaterialInstances_MR/MI_Translucent_TS.uexp" 625
"../../../Engine/Plugins/Interchange/Runtime/Content/gltf/MaterialInstances_MR/MI_Translucent_ClearCoat_TS.uasset" 626
"../../../Engine/Plugins/Interchange/Runtime/Content/gltf/MaterialInstances_MR/MI_Translucent_ClearCoat_TS.uexp" 627
"../../../Engine/Plugins/Interchange/Runtime/Content/gltf/MaterialInstances_MR/MI_Translucent_ClearCoat.uasset" 628
"../../../Engine/Plugins/Interchange/Runtime/Content/gltf/MaterialInstances_MR/MI_Translucent_ClearCoat.uexp" 629
"../../../Engine/Plugins/Interchange/Runtime/Content/gltf/MaterialInstances_MR/MI_Translucent.uasset" 630
"../../../Engine/Plugins/Interchange/Runtime/Content/gltf/MaterialInstances_MR/MI_Translucent.uexp" 631
"../../../Engine/Plugins/Interchange/Runtime/Content/gltf/M_Unlit.uasset" 632
"../../../Engine/Plugins/Interchange/Runtime/Content/gltf/M_Unlit.uexp" 633
"../../../Engine/Plugins/Interchange/Runtime/Content/gltf/MaterialInstances_MR/MI_Opaque_Unlit_TS.uasset" 634
"../../../Engine/Plugins/Interchange/Runtime/Content/gltf/MaterialInstances_MR/MI_Opaque_Unlit_TS.uexp" 635
"../../../Engine/Plugins/Interchange/Runtime/Content/gltf/MaterialInstances_MR/MI_Opaque_Unlit.uasset" 636
"../../../Engine/Plugins/Interchange/Runtime/Content/gltf/MaterialInstances_MR/MI_Opaque_Unlit.uexp" 637
"../../../Engine/Plugins/Interchange/Runtime/Content/gltf/M_Opaque.uasset" 638
"../../../Engine/Plugins/Interchange/Runtime/Content/gltf/M_Opaque.uexp" 639
"../../../Engine/Plugins/Interchange/Runtime/Content/gltf/MaterialInstances_MR/MI_Opaque_TS.uasset" 640
"../../../Engine/Plugins/Interchange/Runtime/Content/gltf/MaterialInstances_MR/MI_Opaque_TS.uexp" 641
"../../../Engine/Plugins/Interchange/Runtime/Content/gltf/MaterialFunctions/MF_Sheen.uasset" 642
"../../../Engine/Plugins/Interchange/Runtime/Content/gltf/MaterialFunctions/MF_Sheen.uexp" 643
"../../../Engine/Content/Functions/Engine_MaterialFunctions01/Shading/FuzzyShading.uasset" 644
"../../../Engine/Content/Functions/Engine_MaterialFunctions01/Shading/FuzzyShading.uexp" 645
"../../../Engine/Plugins/Interchange/Runtime/Content/gltf/M_Sheen.uasset" 646
"../../../Engine/Plugins/Interchange/Runtime/Content/gltf/M_Sheen.uexp" 647
"../../../Engine/Plugins/Interchange/Runtime/Content/gltf/MaterialInstances_MR/MI_Opaque_Sheen_TS.uasset" 648
"../../../Engine/Plugins/Interchange/Runtime/Content/gltf/MaterialInstances_MR/MI_Opaque_Sheen_TS.uexp" 649
"../../../Engine/Plugins/Interchange/Runtime/Content/gltf/MaterialInstances_MR/MI_Opaque_Sheen.uasset" 650
"../../../Engine/Plugins/Interchange/Runtime/Content/gltf/MaterialInstances_MR/MI_Opaque_Sheen.uexp" 651
"../../../Engine/Plugins/Interchange/Runtime/Content/gltf/MaterialInstances_MR/MI_Opaque_ClearCoat_TS.uasset" 652
"../../../Engine/Plugins/Interchange/Runtime/Content/gltf/MaterialInstances_MR/MI_Opaque_ClearCoat_TS.uexp" 653
"../../../Engine/Plugins/Interchange/Runtime/Content/gltf/MaterialInstances_MR/MI_Opaque_ClearCoat.uasset" 654
"../../../Engine/Plugins/Interchange/Runtime/Content/gltf/MaterialInstances_MR/MI_Opaque_ClearCoat.uexp" 655
"../../../Engine/Plugins/Interchange/Runtime/Content/gltf/MaterialInstances_MR/MI_Opaque.uasset" 656
"../../../Engine/Plugins/Interchange/Runtime/Content/gltf/MaterialInstances_MR/MI_Opaque.uexp" 657
"../../../Engine/Plugins/Interchange/Runtime/Content/gltf/MaterialInstances_SG/MI_Transmission_TS.uasset" 658
"../../../Engine/Plugins/Interchange/Runtime/Content/gltf/MaterialInstances_SG/MI_Transmission_TS.uexp" 659
"../../../Engine/Plugins/Interchange/Runtime/Content/gltf/MaterialInstances_SG/MI_Transmission.uasset" 660
"../../../Engine/Plugins/Interchange/Runtime/Content/gltf/MaterialInstances_SG/MI_Transmission.uexp" 661
"../../../Engine/Plugins/Interchange/Runtime/Content/gltf/MaterialInstances_SG/MI_Translucent_TS.uasset" 662
"../../../Engine/Plugins/Interchange/Runtime/Content/gltf/MaterialInstances_SG/MI_Translucent_TS.uexp" 663
"../../../Engine/Plugins/Interchange/Runtime/Content/gltf/MaterialInstances_SG/MI_Translucent_ClearCoat_TS.uasset" 664
"../../../Engine/Plugins/Interchange/Runtime/Content/gltf/MaterialInstances_SG/MI_Translucent_ClearCoat_TS.uexp" 665
"../../../Engine/Plugins/Interchange/Runtime/Content/gltf/MaterialInstances_SG/MI_Translucent_ClearCoat.uasset" 666
"../../../Engine/Plugins/Interchange/Runtime/Content/gltf/MaterialInstances_SG/MI_Translucent_ClearCoat.uexp" 667
"../../../Engine/Plugins/Interchange/Runtime/Content/gltf/MaterialInstances_SG/MI_Translucent.uasset" 668
"../../../Engine/Plugins/Interchange/Runtime/Content/gltf/MaterialInstances_SG/MI_Translucent.uexp" 669
"../../../Engine/Plugins/Interchange/Runtime/Content/gltf/MaterialInstances_SG/MI_Opaque_TS.uasset" 670
"../../../Engine/Plugins/Interchange/Runtime/Content/gltf/MaterialInstances_SG/MI_Opaque_TS.uexp" 671
"../../../Engine/Plugins/Interchange/Runtime/Content/gltf/MaterialInstances_SG/MI_Opaque_Sheen_TS.uasset" 672
"../../../Engine/Plugins/Interchange/Runtime/Content/gltf/MaterialInstances_SG/MI_Opaque_Sheen_TS.uexp" 673
"../../../Engine/Plugins/Interchange/Runtime/Content/gltf/MaterialInstances_SG/MI_Opaque_Sheen.uasset" 674
"../../../Engine/Plugins/Interchange/Runtime/Content/gltf/MaterialInstances_SG/MI_Opaque_Sheen.uexp" 675
"../../../Engine/Plugins/Interchange/Runtime/Content/gltf/MaterialInstances_SG/MI_Opaque_ClearCoat_TS.uasset" 676
"../../../Engine/Plugins/Interchange/Runtime/Content/gltf/MaterialInstances_SG/MI_Opaque_ClearCoat_TS.uexp" 677
"../../../Engine/Plugins/Interchange/Runtime/Content/gltf/MaterialInstances_SG/MI_Opaque_ClearCoat.uasset" 678
"../../../Engine/Plugins/Interchange/Runtime/Content/gltf/MaterialInstances_SG/MI_Opaque_ClearCoat.uexp" 679
"../../../Engine/Plugins/Interchange/Runtime/Content/gltf/MaterialInstances_SG/MI_Opaque.uasset" 680
"../../../Engine/Plugins/Interchange/Runtime/Content/gltf/MaterialInstances_SG/MI_Opaque.uexp" 681
"../../../Engine/Plugins/Interchange/Runtime/Content/gltf/Textures/T_Gray_Linear.uasset" 682
"../../../Engine/Plugins/Interchange/Runtime/Content/gltf/Textures/T_Gray_Linear.uexp" 683
"../../../Engine/Plugins/Interchange/Runtime/Content/gltf/Textures/T_Black_srgb.uasset" 684
"../../../Engine/Plugins/Interchange/Runtime/Content/gltf/Textures/T_Black_srgb.uexp" 685
"../../../Engine/Plugins/Interchange/Runtime/Content/Materials/UnlitMaterial.uasset" 686
"../../../Engine/Plugins/Interchange/Runtime/Content/Materials/UnlitMaterial.uexp" 687
"../../../Engine/Content/EngineMaterials/DefaultNormal.ubulk" 688
"../../../Engine/Content/EngineMaterials/DefaultNormal.uasset" 689
"../../../Engine/Content/EngineMaterials/DefaultNormal.uexp" 690
"../../../Engine/Plugins/Interchange/Runtime/Content/Materials/MapOrScalarFunction.uasset" 691
"../../../Engine/Plugins/Interchange/Runtime/Content/Materials/MapOrScalarFunction.uexp" 692
"../../../Engine/Plugins/Interchange/Runtime/Content/Materials/MapOrLinearColorFunction.uasset" 693
"../../../Engine/Plugins/Interchange/Runtime/Content/Materials/MapOrLinearColorFunction.uexp" 694
"../../../Engine/Plugins/Interchange/Runtime/Content/Materials/MapOrColorFunction.uasset" 695
"../../../Engine/Plugins/Interchange/Runtime/Content/Materials/MapOrColorFunction.uexp" 696
"../../../Engine/Plugins/Interchange/Runtime/Content/Materials/CommonMaterial.uasset" 697
"../../../Engine/Plugins/Interchange/Runtime/Content/Materials/CommonMaterial.uexp" 698
"../../../Engine/Plugins/Interchange/Runtime/Content/Materials/PBRSurfaceFunction.uasset" 699
"../../../Engine/Plugins/Interchange/Runtime/Content/Materials/PBRSurfaceFunction.uexp" 700
"../../../Engine/Plugins/Interchange/Runtime/Content/Materials/ThinTranslucentMaterial.uasset" 701
"../../../Engine/Plugins/Interchange/Runtime/Content/Materials/ThinTranslucentMaterial.uexp" 702
"../../../Engine/Plugins/Interchange/Runtime/Content/Materials/SubsurfaceMaterial.uasset" 703
"../../../Engine/Plugins/Interchange/Runtime/Content/Materials/SubsurfaceMaterial.uexp" 704
"../../../Engine/Plugins/Interchange/Runtime/Content/Materials/SheenMaterial.uasset" 705
"../../../Engine/Plugins/Interchange/Runtime/Content/Materials/SheenMaterial.uexp" 706
"../../../Engine/Content/Functions/Engine_MaterialFunctions01/Shading/ConvertFromDiffSpec.uasset" 707
"../../../Engine/Content/Functions/Engine_MaterialFunctions01/Shading/ConvertFromDiffSpec.uexp" 708
"../../../Engine/Plugins/Interchange/Runtime/Content/Materials/PhongSurfaceMaterial.uasset" 709
"../../../Engine/Plugins/Interchange/Runtime/Content/Materials/PhongSurfaceMaterial.uexp" 710
"../../../Engine/Plugins/Interchange/Runtime/Content/Materials/PBRSurfaceMaterial.uasset" 711
"../../../Engine/Plugins/Interchange/Runtime/Content/Materials/PBRSurfaceMaterial.uexp" 712
"../../../Engine/Content/EngineMaterials/FlatNormal.uasset" 713
"../../../Engine/Content/EngineMaterials/FlatNormal.uexp" 714
"../../../Engine/Content/EditorLandscapeResources/WhiteSquareTexture.uasset" 715
"../../../Engine/Content/EditorLandscapeResources/WhiteSquareTexture.uexp" 716
"../../../Engine/Plugins/Interchange/Runtime/Content/Materials/OrenNayerMaterial.uasset" 717
"../../../Engine/Plugins/Interchange/Runtime/Content/Materials/OrenNayerMaterial.uexp" 718
"../../../Engine/Plugins/Interchange/Runtime/Content/Materials/LambertSurfaceMaterial.uasset" 719
"../../../Engine/Plugins/Interchange/Runtime/Content/Materials/LambertSurfaceMaterial.uexp" 720
"../../../Engine/Plugins/Interchange/Runtime/Content/Materials/ClearCoatMaterial.uasset" 721
"../../../Engine/Plugins/Interchange/Runtime/Content/Materials/ClearCoatMaterial.uexp" 722
"../../../Engine/Plugins/Interchange/Runtime/Content/Pipelines/DefaultTexturePipeline.uasset" 723
"../../../Engine/Plugins/Interchange/Runtime/Content/Pipelines/DefaultTexturePipeline.uexp" 724
"../../../Engine/Plugins/Interchange/Runtime/Content/Pipelines/DefaultSceneLevelPipeline.uasset" 725
"../../../Engine/Plugins/Interchange/Runtime/Content/Pipelines/DefaultSceneLevelPipeline.uexp" 726
"../../../Engine/Plugins/Interchange/Runtime/Content/Pipelines/DefaultSceneAssetsPipeline.uasset" 727
"../../../Engine/Plugins/Interchange/Runtime/Content/Pipelines/DefaultSceneAssetsPipeline.uexp" 728
"../../../Engine/Plugins/Interchange/Runtime/Content/Pipelines/DefaultMaterialPipeline.uasset" 729
"../../../Engine/Plugins/Interchange/Runtime/Content/Pipelines/DefaultMaterialPipeline.uexp" 730
"../../../Engine/Plugins/Interchange/Runtime/Content/Pipelines/DefaultAssetsPipeline.uasset" 731
"../../../Engine/Plugins/Interchange/Runtime/Content/Pipelines/DefaultAssetsPipeline.uexp" 732
"../../../Engine/Plugins/Runtime/MeshModelingToolset/Content/Materials/M_DynamicMeshComponentVtxColor.uasset" 733
"../../../Engine/Plugins/Runtime/MeshModelingToolset/Content/Materials/M_DynamicMeshComponentVtxColor.uexp" 734
"../../../Engine/Content/Maps/Entry_BuiltData.uasset" 735
"../../../Engine/Content/Maps/Entry_BuiltData.uexp" 736
"../../../Engine/Content/Maps/Entry.uexp" 737
"../../../Engine/Content/Maps/Entry.umap" 738
"C:/Users/malte/Documents/dev/EndlessRunner/Content/Main_BuiltData.uasset" 739
"C:/Users/malte/Documents/dev/EndlessRunner/Content/Main_BuiltData.uexp" 740
"../../../Engine/Content/EngineSky/C_Sky_Horizon_Color.uasset" 741
"../../../Engine/Content/EngineSky/C_Sky_Horizon_Color.uexp" 742
"../../../Engine/Content/EngineSky/T_Sky_Stars.ubulk" 743
"../../../Engine/Content/EngineSky/T_Sky_Stars.uasset" 744
"../../../Engine/Content/EngineSky/T_Sky_Stars.uexp" 745
"../../../Engine/Content/EngineSky/T_Sky_Clouds_M.ubulk" 746
"../../../Engine/Content/EngineSky/T_Sky_Clouds_M.uasset" 747
"../../../Engine/Content/EngineSky/T_Sky_Clouds_M.uexp" 748
"../../../Engine/Content/EngineSky/T_Sky_Blue.ubulk" 749
"../../../Engine/Content/EngineSky/T_Sky_Blue.uasset" 750
"../../../Engine/Content/EngineSky/T_Sky_Blue.uexp" 751
"../../../Engine/Content/EngineSky/M_Sky_Panning_Clouds2.uasset" 752
"../../../Engine/Content/EngineSky/M_Sky_Panning_Clouds2.uexp" 753
"../../../Engine/Content/EngineSky/SM_SkySphere.ubulk" 754
"../../../Engine/Content/EngineSky/SM_SkySphere.uasset" 755
"../../../Engine/Content/EngineSky/SM_SkySphere.uexp" 756
"../../../Engine/Content/EngineSky/C_Sky_Cloud_Color.uasset" 757
"../../../Engine/Content/EngineSky/C_Sky_Cloud_Color.uexp" 758
"../../../Engine/Content/EngineSky/C_Sky_Zenith_Color.uasset" 759
"../../../Engine/Content/EngineSky/C_Sky_Zenith_Color.uexp" 760
"../../../Engine/Content/EditorBlueprintResources/StandardMacros.uasset" 761
"../../../Engine/Content/EditorBlueprintResources/StandardMacros.uexp" 762
"../../../Engine/Content/EngineSky/BP_Sky_Sphere.uasset" 763
"../../../Engine/Content/EngineSky/BP_Sky_Sphere.uexp" 764
"C:/Users/malte/Documents/dev/EndlessRunner/Content/Input/Actions/IA_Right.uasset" 765
"C:/Users/malte/Documents/dev/EndlessRunner/Content/Input/Actions/IA_Right.uexp" 766
"C:/Users/malte/Documents/dev/EndlessRunner/Content/Input/Actions/IA_Left.uasset" 767
"C:/Users/malte/Documents/dev/EndlessRunner/Content/Input/Actions/IA_Left.uexp" 768
"C:/Users/malte/Documents/dev/EndlessRunner/Content/Input/IMC_Default.uasset" 769
"C:/Users/malte/Documents/dev/EndlessRunner/Content/Input/IMC_Default.uexp" 770
"C:/Users/malte/Documents/dev/EndlessRunner/Content/MyCharacter.uasset" 771
"C:/Users/malte/Documents/dev/EndlessRunner/Content/MyCharacter.uexp" 772
"C:/Users/malte/Documents/dev/EndlessRunner/Content/Characters/Mannequins/Meshes/SK_Mannequin.uasset" 773
"C:/Users/malte/Documents/dev/EndlessRunner/Content/Characters/Mannequins/Meshes/SK_Mannequin.uexp" 774
"../../../Engine/Content/Animation/DefaultAnimCurveCompressionSettings.uasset" 775
"../../../Engine/Content/Animation/DefaultAnimCurveCompressionSettings.uexp" 776
"../../../Engine/Content/Animation/DefaultAnimBoneCompressionSettings.uasset" 777
"../../../Engine/Content/Animation/DefaultAnimBoneCompressionSettings.uexp" 778
"C:/Users/malte/Documents/dev/EndlessRunner/Content/Characters/Mannequins/Animations/Quinn/MF_Run_Fwd.uasset" 779
"C:/Users/malte/Documents/dev/EndlessRunner/Content/Characters/Mannequins/Animations/Quinn/MF_Run_Fwd.uexp" 780
"C:/Users/malte/Documents/dev/EndlessRunner/Content/Characters/Mannequins/Animations/Quinn/MF_Walk_Fwd.uasset" 781
"C:/Users/malte/Documents/dev/EndlessRunner/Content/Characters/Mannequins/Animations/Quinn/MF_Walk_Fwd.uexp" 782
"../../../Engine/Content/Animation/DefaultRecorderBoneCompression.uasset" 783
"../../../Engine/Content/Animation/DefaultRecorderBoneCompression.uexp" 784
"C:/Users/malte/Documents/dev/EndlessRunner/Content/Characters/Mannequins/Animations/Manny/MM_Walk_InPlace.uasset" 785
"C:/Users/malte/Documents/dev/EndlessRunner/Content/Characters/Mannequins/Animations/Manny/MM_Walk_InPlace.uexp" 786
"C:/Users/malte/Documents/dev/EndlessRunner/Content/Characters/Mannequins/Animations/Quinn/BS_MF_Unarmed_WalkRun.uasset" 787
"C:/Users/malte/Documents/dev/EndlessRunner/Content/Characters/Mannequins/Animations/Quinn/BS_MF_Unarmed_WalkRun.uexp" 788
"C:/Users/malte/Documents/dev/EndlessRunner/Content/Characters/Mannequins/Animations/Quinn/MF_Idle.uasset" 789
"C:/Users/malte/Documents/dev/EndlessRunner/Content/Characters/Mannequins/Animations/Quinn/MF_Idle.uexp" 790
"C:/Users/malte/Documents/dev/EndlessRunner/Content/Characters/Mannequins/Animations/Manny/MM_Fall_Loop.uasset" 791
"C:/Users/malte/Documents/dev/EndlessRunner/Content/Characters/Mannequins/Animations/Manny/MM_Fall_Loop.uexp" 792
"C:/Users/malte/Documents/dev/EndlessRunner/Content/Characters/Mannequins/Animations/Manny/MM_Jump.uasset" 793
"C:/Users/malte/Documents/dev/EndlessRunner/Content/Characters/Mannequins/Animations/Manny/MM_Jump.uexp" 794
"../../../Engine/Plugins/Animation/ControlRig/Content/Controls/DefaultGizmoLibrary.uasset" 795
"../../../Engine/Plugins/Animation/ControlRig/Content/Controls/DefaultGizmoLibrary.uexp" 796
"C:/Users/malte/Documents/dev/EndlessRunner/Content/Characters/Mannequins/Rigs/CR_Mannequin_BasicFootIK.uasset" 797
"C:/Users/malte/Documents/dev/EndlessRunner/Content/Characters/Mannequins/Rigs/CR_Mannequin_BasicFootIK.uexp" 798
"C:/Users/malte/Documents/dev/EndlessRunner/Content/Characters/Mannequins/Animations/Manny/MM_Run_Fwd.uasset" 799
"C:/Users/malte/Documents/dev/EndlessRunner/Content/Characters/Mannequins/Animations/Manny/MM_Run_Fwd.uexp" 800
"C:/Users/malte/Documents/dev/EndlessRunner/Content/Characters/Mannequins/Animations/Manny/MM_Walk_Fwd.uasset" 801
"C:/Users/malte/Documents/dev/EndlessRunner/Content/Characters/Mannequins/Animations/Manny/MM_Walk_Fwd.uexp" 802
"C:/Users/malte/Documents/dev/EndlessRunner/Content/Characters/Mannequins/Animations/Manny/BS_MM_WalkRun.uasset" 803
"C:/Users/malte/Documents/dev/EndlessRunner/Content/Characters/Mannequins/Animations/Manny/BS_MM_WalkRun.uexp" 804
"C:/Users/malte/Documents/dev/EndlessRunner/Content/Characters/Mannequins/Animations/Manny/MM_Land.uasset" 805
"C:/Users/malte/Documents/dev/EndlessRunner/Content/Characters/Mannequins/Animations/Manny/MM_Land.uexp" 806
"C:/Users/malte/Documents/dev/EndlessRunner/Content/Characters/Mannequins/Animations/Manny/MM_Idle.uasset" 807
"C:/Users/malte/Documents/dev/EndlessRunner/Content/Characters/Mannequins/Animations/Manny/MM_Idle.uexp" 808
"C:/Users/malte/Documents/dev/EndlessRunner/Content/Characters/Mannequins/Animations/ABP_Manny.uasset" 809
"C:/Users/malte/Documents/dev/EndlessRunner/Content/Characters/Mannequins/Animations/ABP_Manny.uexp" 810
"C:/Users/malte/Documents/dev/EndlessRunner/Content/Characters/Mannequins/Animations/ABP_Quinn.uasset" 811
"C:/Users/malte/Documents/dev/EndlessRunner/Content/Characters/Mannequins/Animations/ABP_Quinn.uexp" 812
"C:/Users/malte/Documents/dev/EndlessRunner/Content/Characters/Mannequins/Rigs/Poses/Quinn/Quinn_foot_l_anim.uasset" 813
"C:/Users/malte/Documents/dev/EndlessRunner/Content/Characters/Mannequins/Rigs/Poses/Quinn/Quinn_foot_l_anim.uexp" 814
"C:/Users/malte/Documents/dev/EndlessRunner/Content/Characters/Mannequins/Rigs/Poses/Quinn/Quinn_foot_l_pose.uasset" 815
"C:/Users/malte/Documents/dev/EndlessRunner/Content/Characters/Mannequins/Rigs/Poses/Quinn/Quinn_foot_l_pose.uexp" 816
"C:/Users/malte/Documents/dev/EndlessRunner/Content/Characters/Mannequins/Rigs/Poses/Quinn/Quinn_clavicle_l_anim.uasset" 817
"C:/Users/malte/Documents/dev/EndlessRunner/Content/Characters/Mannequins/Rigs/Poses/Quinn/Quinn_clavicle_l_anim.uexp" 818
"C:/Users/malte/Documents/dev/EndlessRunner/Content/Characters/Mannequins/Rigs/Poses/Quinn/Quinn_clavicle_l_pose.uasset" 819
"C:/Users/malte/Documents/dev/EndlessRunner/Content/Characters/Mannequins/Rigs/Poses/Quinn/Quinn_clavicle_l_pose.uexp" 820
"C:/Users/malte/Documents/dev/EndlessRunner/Content/Characters/Mannequins/Rigs/Poses/Quinn/Quinn_clavicle_r_anim.uasset" 821
"C:/Users/malte/Documents/dev/EndlessRunner/Content/Characters/Mannequins/Rigs/Poses/Quinn/Quinn_clavicle_r_anim.uexp" 822
"C:/Users/malte/Documents/dev/EndlessRunner/Content/Characters/Mannequins/Rigs/Poses/Quinn/Quinn_clavicle_r_pose.uasset" 823
"C:/Users/malte/Documents/dev/EndlessRunner/Content/Characters/Mannequins/Rigs/Poses/Quinn/Quinn_clavicle_r_pose.uexp" 824
"C:/Users/malte/Documents/dev/EndlessRunner/Content/Characters/Mannequins/Rigs/Poses/Quinn/Quinn_upperarm_l_anim.uasset" 825
"C:/Users/malte/Documents/dev/EndlessRunner/Content/Characters/Mannequins/Rigs/Poses/Quinn/Quinn_upperarm_l_anim.uexp" 826
"C:/Users/malte/Documents/dev/EndlessRunner/Content/Characters/Mannequins/Rigs/Poses/Quinn/Quinn_upperarm_l_pose.uasset" 827
"C:/Users/malte/Documents/dev/EndlessRunner/Content/Characters/Mannequins/Rigs/Poses/Quinn/Quinn_upperarm_l_pose.uexp" 828
"C:/Users/malte/Documents/dev/EndlessRunner/Content/Characters/Mannequins/Rigs/Poses/Quinn/Quinn_lowerarm_l_anim.uasset" 829
"C:/Users/malte/Documents/dev/EndlessRunner/Content/Characters/Mannequins/Rigs/Poses/Quinn/Quinn_lowerarm_l_anim.uexp" 830
"C:/Users/malte/Documents/dev/EndlessRunner/Content/Characters/Mannequins/Rigs/Poses/Quinn/Quinn_lowerarm_l_pose.uasset" 831
"C:/Users/malte/Documents/dev/EndlessRunner/Content/Characters/Mannequins/Rigs/Poses/Quinn/Quinn_lowerarm_l_pose.uexp" 832
"C:/Users/malte/Documents/dev/EndlessRunner/Content/Characters/Mannequins/Rigs/Poses/Quinn/Quinn_calf_l_anim.uasset" 833
"C:/Users/malte/Documents/dev/EndlessRunner/Content/Characters/Mannequins/Rigs/Poses/Quinn/Quinn_calf_l_anim.uexp" 834
"C:/Users/malte/Documents/dev/EndlessRunner/Content/Characters/Mannequins/Rigs/Poses/Quinn/Quinn_calf_l_pose.uasset" 835
"C:/Users/malte/Documents/dev/EndlessRunner/Content/Characters/Mannequins/Rigs/Poses/Quinn/Quinn_calf_l_pose.uexp" 836
"C:/Users/malte/Documents/dev/EndlessRunner/Content/Characters/Mannequins/Rigs/CR_Mannequin_Procedural.uasset" 837
"C:/Users/malte/Documents/dev/EndlessRunner/Content/Characters/Mannequins/Rigs/CR_Mannequin_Procedural.uexp" 838
"C:/Users/malte/Documents/dev/EndlessRunner/Content/Characters/Mannequins/Rigs/Poses/Quinn/Quinn_upperarm_r_anim.uasset" 839
"C:/Users/malte/Documents/dev/EndlessRunner/Content/Characters/Mannequins/Rigs/Poses/Quinn/Quinn_upperarm_r_anim.uexp" 840
"C:/Users/malte/Documents/dev/EndlessRunner/Content/Characters/Mannequins/Rigs/Poses/Quinn/Quinn_upperarm_r_pose.uasset" 841
"C:/Users/malte/Documents/dev/EndlessRunner/Content/Characters/Mannequins/Rigs/Poses/Quinn/Quinn_upperarm_r_pose.uexp" 842
"C:/Users/malte/Documents/dev/EndlessRunner/Content/Characters/Mannequins/Rigs/Poses/Quinn/Quinn_calf_r_anim.uasset" 843
"C:/Users/malte/Documents/dev/EndlessRunner/Content/Characters/Mannequins/Rigs/Poses/Quinn/Quinn_calf_r_anim.uexp" 844
"C:/Users/malte/Documents/dev/EndlessRunner/Content/Characters/Mannequins/Rigs/Poses/Quinn/Quinn_calf_r_pose.uasset" 845
"C:/Users/malte/Documents/dev/EndlessRunner/Content/Characters/Mannequins/Rigs/Poses/Quinn/Quinn_calf_r_pose.uexp" 846
"C:/Users/malte/Documents/dev/EndlessRunner/Content/Characters/Mannequins/Rigs/Poses/Quinn/Quinn_foot_r_anim.uasset" 847
"C:/Users/malte/Documents/dev/EndlessRunner/Content/Characters/Mannequins/Rigs/Poses/Quinn/Quinn_foot_r_anim.uexp" 848
"C:/Users/malte/Documents/dev/EndlessRunner/Content/Characters/Mannequins/Rigs/Poses/Quinn/Quinn_foot_r_pose.uasset" 849
"C:/Users/malte/Documents/dev/EndlessRunner/Content/Characters/Mannequins/Rigs/Poses/Quinn/Quinn_foot_r_pose.uexp" 850
"C:/Users/malte/Documents/dev/EndlessRunner/Content/Characters/Mannequins/Rigs/Poses/Quinn/Quinn_lowerarm_r_anim.uasset" 851
"C:/Users/malte/Documents/dev/EndlessRunner/Content/Characters/Mannequins/Rigs/Poses/Quinn/Quinn_lowerarm_r_anim.uexp" 852
"C:/Users/malte/Documents/dev/EndlessRunner/Content/Characters/Mannequins/Rigs/Poses/Quinn/Quinn_lowerarm_r_pose.uasset" 853
"C:/Users/malte/Documents/dev/EndlessRunner/Content/Characters/Mannequins/Rigs/Poses/Quinn/Quinn_lowerarm_r_pose.uexp" 854
"C:/Users/malte/Documents/dev/EndlessRunner/Content/Characters/Mannequins/Rigs/Poses/Quinn/Quinn_thigh_l_anim.uasset" 855
"C:/Users/malte/Documents/dev/EndlessRunner/Content/Characters/Mannequins/Rigs/Poses/Quinn/Quinn_thigh_l_anim.uexp" 856
"C:/Users/malte/Documents/dev/EndlessRunner/Content/Characters/Mannequins/Rigs/Poses/Quinn/Quinn_thigh_l_pose.uasset" 857
"C:/Users/malte/Documents/dev/EndlessRunner/Content/Characters/Mannequins/Rigs/Poses/Quinn/Quinn_thigh_l_pose.uexp" 858
"C:/Users/malte/Documents/dev/EndlessRunner/Content/Characters/Mannequins/Rigs/Poses/Quinn/Quinn_thigh_r_anim.uasset" 859
"C:/Users/malte/Documents/dev/EndlessRunner/Content/Characters/Mannequins/Rigs/Poses/Quinn/Quinn_thigh_r_anim.uexp" 860
"C:/Users/malte/Documents/dev/EndlessRunner/Content/Characters/Mannequins/Rigs/Poses/Quinn/Quinn_thigh_r_pose.uasset" 861
"C:/Users/malte/Documents/dev/EndlessRunner/Content/Characters/Mannequins/Rigs/Poses/Quinn/Quinn_thigh_r_pose.uexp" 862
"C:/Users/malte/Documents/dev/EndlessRunner/Content/Characters/Mannequins/Rigs/Poses/Quinn/Quinn_hand_l_anim.uasset" 863
"C:/Users/malte/Documents/dev/EndlessRunner/Content/Characters/Mannequins/Rigs/Poses/Quinn/Quinn_hand_l_anim.uexp" 864
"C:/Users/malte/Documents/dev/EndlessRunner/Content/Characters/Mannequins/Rigs/Poses/Quinn/Quinn_hand_l_pose.uasset" 865
"C:/Users/malte/Documents/dev/EndlessRunner/Content/Characters/Mannequins/Rigs/Poses/Quinn/Quinn_hand_l_pose.uexp" 866
"C:/Users/malte/Documents/dev/EndlessRunner/Content/Characters/Mannequins/Rigs/Poses/Quinn/Quinn_hand_r_anim.uasset" 867
"C:/Users/malte/Documents/dev/EndlessRunner/Content/Characters/Mannequins/Rigs/Poses/Quinn/Quinn_hand_r_anim.uexp" 868
"C:/Users/malte/Documents/dev/EndlessRunner/Content/Characters/Mannequins/Rigs/Poses/Quinn/Quinn_hand_r_pose.uasset" 869
"C:/Users/malte/Documents/dev/EndlessRunner/Content/Characters/Mannequins/Rigs/Poses/Quinn/Quinn_hand_r_pose.uexp" 870
"C:/Users/malte/Documents/dev/EndlessRunner/Content/Characters/Mannequins/Rigs/ABP_Quinn_PostProcess.uasset" 871
"C:/Users/malte/Documents/dev/EndlessRunner/Content/Characters/Mannequins/Rigs/ABP_Quinn_PostProcess.uexp" 872
"C:/Users/malte/Documents/dev/EndlessRunner/Content/Characters/Mannequins/Textures/Quinn/T_Quinn_02ID_MSR_MSK.ubulk" 873
"C:/Users/malte/Documents/dev/EndlessRunner/Content/Characters/Mannequins/Textures/Quinn/T_Quinn_02ID_MSR_MSK.uasset" 874
"C:/Users/malte/Documents/dev/EndlessRunner/Content/Characters/Mannequins/Textures/Quinn/T_Quinn_02ID_MSR_MSK.uexp" 875
"C:/Users/malte/Documents/dev/EndlessRunner/Content/Characters/Mannequins/Textures/Quinn/T_Quinn_02ID_BN.ubulk" 876
"C:/Users/malte/Documents/dev/EndlessRunner/Content/Characters/Mannequins/Textures/Quinn/T_Quinn_02ID_BN.uasset" 877
"C:/Users/malte/Documents/dev/EndlessRunner/Content/Characters/Mannequins/Textures/Quinn/T_Quinn_02ID_BN.uexp" 878
"C:/Users/malte/Documents/dev/EndlessRunner/Content/Characters/Mannequins/Textures/Quinn/T_Quinn_02_ASAOMASK_MSK.ubulk" 879
"C:/Users/malte/Documents/dev/EndlessRunner/Content/Characters/Mannequins/Textures/Quinn/T_Quinn_02_ASAOMASK_MSK.uasset" 880
"C:/Users/malte/Documents/dev/EndlessRunner/Content/Characters/Mannequins/Textures/Quinn/T_Quinn_02_ASAOMASK_MSK.uexp" 881
"C:/Users/malte/Documents/dev/EndlessRunner/Content/Characters/Mannequins/Textures/Quinn/T_Quinn_02_CCRCCPlastic_MSK.ubulk" 882
"C:/Users/malte/Documents/dev/EndlessRunner/Content/Characters/Mannequins/Textures/Quinn/T_Quinn_02_CCRCCPlastic_MSK.uasset" 883
"C:/Users/malte/Documents/dev/EndlessRunner/Content/Characters/Mannequins/Textures/Quinn/T_Quinn_02_CCRCCPlastic_MSK.uexp" 884
"C:/Users/malte/Documents/dev/EndlessRunner/Content/Characters/Mannequins/Textures/Quinn/T_Quinn_02ID_Tan.ubulk" 885
"C:/Users/malte/Documents/dev/EndlessRunner/Content/Characters/Mannequins/Textures/Quinn/T_Quinn_02ID_Tan.uasset" 886
"C:/Users/malte/Documents/dev/EndlessRunner/Content/Characters/Mannequins/Textures/Quinn/T_Quinn_02ID_Tan.uexp" 887
"C:/Users/malte/Documents/dev/EndlessRunner/Content/Characters/Mannequins/Textures/Quinn/T_Quinn_02ID_D.ubulk" 888
"C:/Users/malte/Documents/dev/EndlessRunner/Content/Characters/Mannequins/Textures/Quinn/T_Quinn_02ID_D.uasset" 889
"C:/Users/malte/Documents/dev/EndlessRunner/Content/Characters/Mannequins/Textures/Quinn/T_Quinn_02ID_D.uexp" 890
"C:/Users/malte/Documents/dev/EndlessRunner/Content/Characters/Mannequins/Textures/Quinn/T_Quinn_01ID_MSR_MSK.ubulk" 891
"C:/Users/malte/Documents/dev/EndlessRunner/Content/Characters/Mannequins/Textures/Quinn/T_Quinn_01ID_MSR_MSK.uasset" 892
"C:/Users/malte/Documents/dev/EndlessRunner/Content/Characters/Mannequins/Textures/Quinn/T_Quinn_01ID_MSR_MSK.uexp" 893
"C:/Users/malte/Documents/dev/EndlessRunner/Content/Characters/Mannequins/Materials/Functions/ChromaticCurve.uasset" 894
"C:/Users/malte/Documents/dev/EndlessRunner/Content/Characters/Mannequins/Materials/Functions/ChromaticCurve.uexp" 895
"C:/Users/malte/Documents/dev/EndlessRunner/Content/Characters/Mannequins/Materials/Functions/CA_Mannequin.uasset" 896
"C:/Users/malte/Documents/dev/EndlessRunner/Content/Characters/Mannequins/Materials/Functions/CA_Mannequin.uexp" 897
"C:/Users/malte/Documents/dev/EndlessRunner/Content/Characters/Mannequins/Materials/Functions/MF_Diffraction.uasset" 898
"C:/Users/malte/Documents/dev/EndlessRunner/Content/Characters/Mannequins/Materials/Functions/MF_Diffraction.uexp" 899
"C:/Users/malte/Documents/dev/EndlessRunner/Content/Characters/Mannequins/Textures/Manny/T_Manny_01_N.ubulk" 900
"C:/Users/malte/Documents/dev/EndlessRunner/Content/Characters/Mannequins/Textures/Manny/T_Manny_01_N.uasset" 901
"C:/Users/malte/Documents/dev/EndlessRunner/Content/Characters/Mannequins/Textures/Manny/T_Manny_01_N.uexp" 902
"C:/Users/malte/Documents/dev/EndlessRunner/Content/Characters/Mannequins/Materials/Functions/ML_BaseColorFallOff.uasset" 903
"C:/Users/malte/Documents/dev/EndlessRunner/Content/Characters/Mannequins/Materials/Functions/ML_BaseColorFallOff.uexp" 904
"../../../Engine/Content/Functions/Engine_MaterialFunctions01/Texturing/ScaleUVsByCenter.uasset" 905
"../../../Engine/Content/Functions/Engine_MaterialFunctions01/Texturing/ScaleUVsByCenter.uexp" 906
"C:/Users/malte/Documents/dev/EndlessRunner/Content/Characters/Mannequins/Textures/Shared/T_UE_Logo_M.uasset" 907
"C:/Users/malte/Documents/dev/EndlessRunner/Content/Characters/Mannequins/Textures/Shared/T_UE_Logo_M.uexp" 908
"C:/Users/malte/Documents/dev/EndlessRunner/Content/Characters/Mannequins/Materials/Functions/MF_logo3layers.uasset" 909
"C:/Users/malte/Documents/dev/EndlessRunner/Content/Characters/Mannequins/Materials/Functions/MF_logo3layers.uexp" 910
"C:/Users/malte/Documents/dev/EndlessRunner/Content/Characters/Mannequins/Textures/Manny/T_Manny_01_CCRCCPlastic_MSK.ubulk" 911
"C:/Users/malte/Documents/dev/EndlessRunner/Content/Characters/Mannequins/Textures/Manny/T_Manny_01_CCRCCPlastic_MSK.uasset" 912
"C:/Users/malte/Documents/dev/EndlessRunner/Content/Characters/Mannequins/Textures/Manny/T_Manny_01_CCRCCPlastic_MSK.uexp" 913
"C:/Users/malte/Documents/dev/EndlessRunner/Content/Characters/Mannequins/Textures/Manny/T_Manny_01_ASAOPMASK_MSK.ubulk" 914
"C:/Users/malte/Documents/dev/EndlessRunner/Content/Characters/Mannequins/Textures/Manny/T_Manny_01_ASAOPMASK_MSK.uasset" 915
"C:/Users/malte/Documents/dev/EndlessRunner/Content/Characters/Mannequins/Textures/Manny/T_Manny_01_ASAOPMASK_MSK.uexp" 916
"C:/Users/malte/Documents/dev/EndlessRunner/Content/Characters/Mannequins/Textures/Manny/T_Manny_01_MSR_MSK.ubulk" 917
"C:/Users/malte/Documents/dev/EndlessRunner/Content/Characters/Mannequins/Textures/Manny/T_Manny_01_MSR_MSK.uasset" 918
"C:/Users/malte/Documents/dev/EndlessRunner/Content/Characters/Mannequins/Textures/Manny/T_Manny_01_MSR_MSK.uexp" 919
"C:/Users/malte/Documents/dev/EndlessRunner/Content/Characters/Mannequins/Textures/Manny/T_Manny_01_BN.ubulk" 920
"C:/Users/malte/Documents/dev/EndlessRunner/Content/Characters/Mannequins/Textures/Manny/T_Manny_01_BN.uasset" 921
"C:/Users/malte/Documents/dev/EndlessRunner/Content/Characters/Mannequins/Textures/Manny/T_Manny_01_BN.uexp" 922
"C:/Users/malte/Documents/dev/EndlessRunner/Content/Characters/Mannequins/Textures/Manny/T_Manny_01_D.ubulk" 923
"C:/Users/malte/Documents/dev/EndlessRunner/Content/Characters/Mannequins/Textures/Manny/T_Manny_01_D.uasset" 924
"C:/Users/malte/Documents/dev/EndlessRunner/Content/Characters/Mannequins/Textures/Manny/T_Manny_01_D.uexp" 925
"C:/Users/malte/Documents/dev/EndlessRunner/Content/Characters/Mannequins/Textures/Manny/T_Manny_01_Tan.ubulk" 926
"C:/Users/malte/Documents/dev/EndlessRunner/Content/Characters/Mannequins/Textures/Manny/T_Manny_01_Tan.uasset" 927
"C:/Users/malte/Documents/dev/EndlessRunner/Content/Characters/Mannequins/Textures/Manny/T_Manny_01_Tan.uexp" 928
"C:/Users/malte/Documents/dev/EndlessRunner/Content/Characters/Mannequins/Materials/M_Mannequin.uasset" 929
"C:/Users/malte/Documents/dev/EndlessRunner/Content/Characters/Mannequins/Materials/M_Mannequin.uexp" 930
"C:/Users/malte/Documents/dev/EndlessRunner/Content/Characters/Mannequins/Textures/Quinn/T_Quinn_01_ASAOMASK_MSK.ubulk" 931
"C:/Users/malte/Documents/dev/EndlessRunner/Content/Characters/Mannequins/Textures/Quinn/T_Quinn_01_ASAOMASK_MSK.uasset" 932
"C:/Users/malte/Documents/dev/EndlessRunner/Content/Characters/Mannequins/Textures/Quinn/T_Quinn_01_ASAOMASK_MSK.uexp" 933
"C:/Users/malte/Documents/dev/EndlessRunner/Content/Characters/Mannequins/Textures/Quinn/T_Quinn_01ID_N.ubulk" 934
"C:/Users/malte/Documents/dev/EndlessRunner/Content/Characters/Mannequins/Textures/Quinn/T_Quinn_01ID_N.uasset" 935
"C:/Users/malte/Documents/dev/EndlessRunner/Content/Characters/Mannequins/Textures/Quinn/T_Quinn_01ID_N.uexp" 936
"C:/Users/malte/Documents/dev/EndlessRunner/Content/Characters/Mannequins/Textures/Quinn/T_Quinn_01ID_BN.ubulk" 937
"C:/Users/malte/Documents/dev/EndlessRunner/Content/Characters/Mannequins/Textures/Quinn/T_Quinn_01ID_BN.uasset" 938
"C:/Users/malte/Documents/dev/EndlessRunner/Content/Characters/Mannequins/Textures/Quinn/T_Quinn_01ID_BN.uexp" 939
"C:/Users/malte/Documents/dev/EndlessRunner/Content/Characters/Mannequins/Textures/Quinn/T_Quinn_01ID_D.ubulk" 940
"C:/Users/malte/Documents/dev/EndlessRunner/Content/Characters/Mannequins/Textures/Quinn/T_Quinn_01ID_D.uasset" 941
"C:/Users/malte/Documents/dev/EndlessRunner/Content/Characters/Mannequins/Textures/Quinn/T_Quinn_01ID_D.uexp" 942
"C:/Users/malte/Documents/dev/EndlessRunner/Content/Characters/Mannequins/Textures/Quinn/T_Quinn_01ID_Tan.ubulk" 943
"C:/Users/malte/Documents/dev/EndlessRunner/Content/Characters/Mannequins/Textures/Quinn/T_Quinn_01ID_Tan.uasset" 944
"C:/Users/malte/Documents/dev/EndlessRunner/Content/Characters/Mannequins/Textures/Quinn/T_Quinn_01ID_Tan.uexp" 945
"C:/Users/malte/Documents/dev/EndlessRunner/Content/Characters/Mannequins/Textures/Quinn/T_Quinn_01_CCRCCPlastic_MSK.ubulk" 946
"C:/Users/malte/Documents/dev/EndlessRunner/Content/Characters/Mannequins/Textures/Quinn/T_Quinn_01_CCRCCPlastic_MSK.uasset" 947
"C:/Users/malte/Documents/dev/EndlessRunner/Content/Characters/Mannequins/Textures/Quinn/T_Quinn_01_CCRCCPlastic_MSK.uexp" 948
"C:/Users/malte/Documents/dev/EndlessRunner/Content/Characters/Mannequins/Materials/Instances/Quinn/MI_Quinn_01.uasset" 949
"C:/Users/malte/Documents/dev/EndlessRunner/Content/Characters/Mannequins/Materials/Instances/Quinn/MI_Quinn_01.uexp" 950
"C:/Users/malte/Documents/dev/EndlessRunner/Content/Characters/Mannequins/Textures/Quinn/T_Quinn_02ID_N.ubulk" 951
"C:/Users/malte/Documents/dev/EndlessRunner/Content/Characters/Mannequins/Textures/Quinn/T_Quinn_02ID_N.uasset" 952
"C:/Users/malte/Documents/dev/EndlessRunner/Content/Characters/Mannequins/Textures/Quinn/T_Quinn_02ID_N.uexp" 953
"C:/Users/malte/Documents/dev/EndlessRunner/Content/Characters/Mannequins/Materials/Instances/Quinn/MI_Quinn_02.uasset" 954
"C:/Users/malte/Documents/dev/EndlessRunner/Content/Characters/Mannequins/Materials/Instances/Quinn/MI_Quinn_02.uexp" 955
"C:/Users/malte/Documents/dev/EndlessRunner/Content/Characters/Mannequins/Rigs/PA_Mannequin.uasset" 956
"C:/Users/malte/Documents/dev/EndlessRunner/Content/Characters/Mannequins/Rigs/PA_Mannequin.uexp" 957
"C:/Users/malte/Documents/dev/EndlessRunner/Content/Characters/Mannequins/Meshes/SKM_Quinn.uasset" 958
"C:/Users/malte/Documents/dev/EndlessRunner/Content/Characters/Mannequins/Meshes/SKM_Quinn.uexp" 959
"C:/Users/malte/Documents/dev/EndlessRunner/Content/LevelPrototyping/Materials/M_Solid.uasset" 960
"C:/Users/malte/Documents/dev/EndlessRunner/Content/LevelPrototyping/Materials/M_Solid.uexp" 961
"C:/Users/malte/Documents/dev/EndlessRunner/Content/LevelPrototyping/Materials/MI_Solid_Blue.uasset" 962
"C:/Users/malte/Documents/dev/EndlessRunner/Content/LevelPrototyping/Materials/MI_Solid_Blue.uexp" 963
"C:/Users/malte/Documents/dev/EndlessRunner/Content/LevelPrototyping/Meshes/SM_ChamferCube.ubulk" 964
"C:/Users/malte/Documents/dev/EndlessRunner/Content/LevelPrototyping/Meshes/SM_ChamferCube.uasset" 965
"C:/Users/malte/Documents/dev/EndlessRunner/Content/LevelPrototyping/Meshes/SM_ChamferCube.uexp" 966
"../../../Engine/Content/VREditor/BasicMeshes/T_CleanFloorGrunge_01_D.ubulk" 967
"../../../Engine/Content/VREditor/BasicMeshes/T_CleanFloorGrunge_01_D.uasset" 968
"../../../Engine/Content/VREditor/BasicMeshes/T_CleanFloorGrunge_01_D.uexp" 969
"../../../Engine/Content/VREditor/BasicMeshes/M_Floor_01.uasset" 970
"../../../Engine/Content/VREditor/BasicMeshes/M_Floor_01.uexp" 971
"../../../Engine/Content/VREditor/BasicMeshes/MI_Cube_03.uasset" 972
"../../../Engine/Content/VREditor/BasicMeshes/MI_Cube_03.uexp" 973
"C:/Users/malte/Documents/dev/EndlessRunner/Content/BasicObstacle.uasset" 974
"C:/Users/malte/Documents/dev/EndlessRunner/Content/BasicObstacle.uexp" 975
"../../../Engine/Content/BasicShapes/Plane.ubulk" 976
"../../../Engine/Content/BasicShapes/Plane.uasset" 977
"../../../Engine/Content/BasicShapes/Plane.uexp" 978
"C:/Users/malte/Documents/dev/EndlessRunner/Content/LevelPrototyping/Textures/T_GridChecker_A.ubulk" 979
"C:/Users/malte/Documents/dev/EndlessRunner/Content/LevelPrototyping/Textures/T_GridChecker_A.uasset" 980
"C:/Users/malte/Documents/dev/EndlessRunner/Content/LevelPrototyping/Textures/T_GridChecker_A.uexp" 981
"../../../Engine/Content/Functions/Engine_MaterialFunctions01/Gradient/LinearGradient.uasset" 982
"../../../Engine/Content/Functions/Engine_MaterialFunctions01/Gradient/LinearGradient.uexp" 983
"../../../Engine/Content/Functions/Engine_MaterialFunctions01/ImageAdjustment/CheapContrast.uasset" 984
"../../../Engine/Content/Functions/Engine_MaterialFunctions01/ImageAdjustment/CheapContrast.uexp" 985
"C:/Users/malte/Documents/dev/EndlessRunner/Content/LevelPrototyping/Materials/MF_ProcGrid.uasset" 986
"C:/Users/malte/Documents/dev/EndlessRunner/Content/LevelPrototyping/Materials/MF_ProcGrid.uexp" 987
"C:/Users/malte/Documents/dev/EndlessRunner/Content/LevelPrototyping/Materials/M_PrototypeGrid.uasset" 988
"C:/Users/malte/Documents/dev/EndlessRunner/Content/LevelPrototyping/Materials/M_PrototypeGrid.uexp" 989
"C:/Users/malte/Documents/dev/EndlessRunner/Content/LevelPrototyping/Materials/MI_PrototypeGrid_Gray.uasset" 990
"C:/Users/malte/Documents/dev/EndlessRunner/Content/LevelPrototyping/Materials/MI_PrototypeGrid_Gray.uexp" 991
"C:/Users/malte/Documents/dev/EndlessRunner/Content/Platforms/BasicPlatform.uasset" 992
"C:/Users/malte/Documents/dev/EndlessRunner/Content/Platforms/BasicPlatform.uexp" 993
"C:/Users/malte/Documents/dev/EndlessRunner/Content/GameModeSettings.uasset" 994
"C:/Users/malte/Documents/dev/EndlessRunner/Content/GameModeSettings.uexp" 995
"C:/Users/malte/Documents/dev/EndlessRunner/Content/Main.uexp" 996
"C:/Users/malte/Documents/dev/EndlessRunner/Content/Main.umap" 997
